{"uid":"f94a588c5e8a66df","name":"Guest can add product to basket","fullName":"tests.test_product_page.TestProductPage#test_guest_can_add_product_to_basket","historyId":"0a10ff1768cd502ce303d1d602610ab1","time":{"start":1767125244406,"stop":1767125244832,"duration":426},"status":"skipped","statusMessage":"XFAIL\n\nselenium.common.exceptions.NoSuchElementException: Message: no such element: Unable to locate element: {\"method\":\"css selector\",\"selector\":\".btn-add-to-basket\"}\n  (Session info: chrome=143.0.7499.109); For documentation on this error, please visit: https://www.selenium.dev/documentation/webdriver/troubleshooting/errors#nosuchelementexception\nStacktrace:\n#0 0x55e6c967d19a <unknown>\n#1 0x55e6c90fac4b <unknown>\n#2 0x55e6c914c318 <unknown>\n#3 0x55e6c914c551 <unknown>\n#4 0x55e6c919a764 <unknown>\n#5 0x55e6c9197bee <unknown>\n#6 0x55e6c913ec42 <unknown>\n#7 0x55e6c913f8f1 <unknown>\n#8 0x55e6c9645f39 <unknown>\n#9 0x55e6c9648e7d <unknown>\n#10 0x55e6c962ec81 <unknown>\n#11 0x55e6c9649a5b <unknown>\n#12 0x55e6c9615a50 <unknown>\n#13 0x55e6c966aaa8 <unknown>\n#14 0x55e6c966ac79 <unknown>\n#15 0x55e6c967c4f3 <unknown>\n#16 0x7fdd4ac9caa4 <unknown>\n#17 0x7fdd4ad29c6c <unknown>","statusTrace":"self = <tests.test_product_page.TestProductPage object at 0x7f19162626d0>\nnum = 7\nproduct_page = <pages.product_page.ProductPage object at 0x7f191643bed0>\n\n    @allure.feature('Product page')\n    @allure.story('Adding product to basket')\n    @allure.title('Guest can add product to basket')\n    @pytest.mark.basket\n    @pytest.mark.guest\n    @pytest.mark.smoke\n    @pytest.mark.parametrize(\n        'num',\n        [0, 1, 2, 3, 4, 5, 6, pytest.param(7, marks=pytest.mark.xfail), 8, 9],\n    )\n    def test_guest_can_add_product_to_basket(self, num, product_page):\n        link = (\n            f'https://selenium1py.pythonanywhere.com/catalogue/'\n            f'coders-at-work_207/?promo=offer{num}'\n        )\n        product_page.open_product_page(link)\n>       product_page.click_add_to_basket_button()\n\ntests/test_product_page.py:97: \n_ _ _ _ _ _ _ _ _ _ _ _ _ _ _ _ _ _ _ _ _ _ _ _ _ _ _ _ _ _ _ _ _ _ _ _ _ _ _ _ \npages/product_page.py:93: in click_add_to_basket_button\n    self.add_to_basket_button.click()\n    ^^^^^^^^^^^^^^^^^^^^^^^^^\npages/product_page.py:29: in add_to_basket_button\n    return self.find_element(*self.add_to_basket_button_locator)\n           ^^^^^^^^^^^^^^^^^^^^^^^^^^^^^^^^^^^^^^^^^^^^^^^^^^^^^\npages/base_page.py:38: in find_element\n    return self.browser.find_element(how, what)\n           ^^^^^^^^^^^^^^^^^^^^^^^^^^^^^^^^^^^^\n/opt/hostedtoolcache/Python/3.13.11/x64/lib/python3.13/site-packages/selenium/webdriver/remote/webdriver.py:802: in find_element\n    return self.execute(Command.FIND_ELEMENT, {\"using\": by, \"value\": value})[\"value\"]\n           ^^^^^^^^^^^^^^^^^^^^^^^^^^^^^^^^^^^^^^^^^^^^^^^^^^^^^^^^^^^^^^^^^\n/opt/hostedtoolcache/Python/3.13.11/x64/lib/python3.13/site-packages/selenium/webdriver/remote/webdriver.py:432: in execute\n    self.error_handler.check_response(response)\n_ _ _ _ _ _ _ _ _ _ _ _ _ _ _ _ _ _ _ _ _ _ _ _ _ _ _ _ _ _ _ _ _ _ _ _ _ _ _ _ \n\nself = <selenium.webdriver.remote.errorhandler.ErrorHandler object at 0x7f19162c8640>\nresponse = {'status': 404, 'value': '{\"value\":{\"error\":\"no such element\",\"message\":\"no such element: Unable to locate element: {\\...\\\\n#15 0x55e6c967c4f3 \\\\u003Cunknown>\\\\n#16 0x7fdd4ac9caa4 \\\\u003Cunknown>\\\\n#17 0x7fdd4ad29c6c \\\\u003Cunknown>\\\\n\"}}'}\n\n    def check_response(self, response: dict[str, Any]) -> None:\n        \"\"\"Check that a JSON response from the WebDriver does not have an error.\n    \n        Args:\n            response: The JSON response from the WebDriver server as a dictionary\n                object.\n    \n        Raises:\n            WebDriverException: If the response contains an error message.\n        \"\"\"\n        status = response.get(\"status\", None)\n        if not status or status == ErrorCode.SUCCESS:\n            return\n        value = None\n        message = response.get(\"message\", \"\")\n        screen: str = response.get(\"screen\", \"\")\n        stacktrace = None\n        if isinstance(status, int):\n            value_json = response.get(\"value\", None)\n            if value_json and isinstance(value_json, str):\n                try:\n                    value = json.loads(value_json)\n                    if isinstance(value, dict):\n                        if len(value) == 1:\n                            value = value[\"value\"]\n                        status = value.get(\"error\", None)\n                        if not status:\n                            status = value.get(\"status\", ErrorCode.UNKNOWN_ERROR)\n                            message = value.get(\"value\") or value.get(\"message\")\n                            if not isinstance(message, str):\n                                value = message\n                                message = message.get(\"message\") if isinstance(message, dict) else None\n                        else:\n                            message = value.get(\"message\", None)\n                except ValueError:\n                    pass\n    \n        exception_class: type[WebDriverException]\n        e = ErrorCode()\n        error_codes = [item for item in dir(e) if not item.startswith(\"__\")]\n        for error_code in error_codes:\n            error_info = getattr(ErrorCode, error_code)\n            if isinstance(error_info, list) and status in error_info:\n                exception_class = getattr(ExceptionMapping, error_code, WebDriverException)\n                break\n        else:\n            exception_class = WebDriverException\n    \n        if not value:\n            value = response[\"value\"]\n        if isinstance(value, str):\n            raise exception_class(value)\n        if message == \"\" and \"message\" in value:\n            message = value[\"message\"]\n    \n        screen = None  # type: ignore[assignment]\n        if \"screen\" in value:\n            screen = value[\"screen\"]\n    \n        stacktrace = None\n        st_value = value.get(\"stackTrace\") or value.get(\"stacktrace\")\n        if st_value:\n            if isinstance(st_value, str):\n                stacktrace = st_value.split(\"\\n\")\n            else:\n                stacktrace = []\n                try:\n                    for frame in st_value:\n                        line = frame.get(\"lineNumber\", \"\")\n                        file = frame.get(\"fileName\", \"<anonymous>\")\n                        if line:\n                            file = f\"{file}:{line}\"\n                        meth = frame.get(\"methodName\", \"<anonymous>\")\n                        if \"className\" in frame:\n                            meth = f\"{frame['className']}.{meth}\"\n                        msg = \"    at %s (%s)\"\n                        msg = msg % (meth, file)\n                        stacktrace.append(msg)\n                except TypeError:\n                    pass\n        if exception_class == UnexpectedAlertPresentException:\n            alert_text = None\n            if \"data\" in value:\n                alert_text = value[\"data\"].get(\"text\")\n            elif \"alert\" in value:\n                alert_text = value[\"alert\"].get(\"text\")\n            raise exception_class(message, screen, stacktrace, alert_text)  # type: ignore[call-arg]  # mypy is not smart enough here\n>       raise exception_class(message, screen, stacktrace)\nE       selenium.common.exceptions.NoSuchElementException: Message: no such element: Unable to locate element: {\"method\":\"css selector\",\"selector\":\".btn-add-to-basket\"}\nE         (Session info: chrome=143.0.7499.109); For documentation on this error, please visit: https://www.selenium.dev/documentation/webdriver/troubleshooting/errors#nosuchelementexception\nE       Stacktrace:\nE       #0 0x55e6c967d19a <unknown>\nE       #1 0x55e6c90fac4b <unknown>\nE       #2 0x55e6c914c318 <unknown>\nE       #3 0x55e6c914c551 <unknown>\nE       #4 0x55e6c919a764 <unknown>\nE       #5 0x55e6c9197bee <unknown>\nE       #6 0x55e6c913ec42 <unknown>\nE       #7 0x55e6c913f8f1 <unknown>\nE       #8 0x55e6c9645f39 <unknown>\nE       #9 0x55e6c9648e7d <unknown>\nE       #10 0x55e6c962ec81 <unknown>\nE       #11 0x55e6c9649a5b <unknown>\nE       #12 0x55e6c9615a50 <unknown>\nE       #13 0x55e6c966aaa8 <unknown>\nE       #14 0x55e6c966ac79 <unknown>\nE       #15 0x55e6c967c4f3 <unknown>\nE       #16 0x7fdd4ac9caa4 <unknown>\nE       #17 0x7fdd4ad29c6c <unknown>\n\n/opt/hostedtoolcache/Python/3.13.11/x64/lib/python3.13/site-packages/selenium/webdriver/remote/errorhandler.py:232: NoSuchElementException","flaky":false,"newFailed":false,"newBroken":false,"newPassed":false,"retriesCount":0,"retriesStatusChange":false,"beforeStages":[{"name":"_session_faker","time":{"start":1767125228204,"stop":1767125228206,"duration":2},"status":"passed","steps":[],"attachments":[],"parameters":[],"stepsCount":0,"shouldDisplayMessage":false,"attachmentsCount":0,"hasContent":false,"attachmentStep":false},{"name":"browser","time":{"start":1767125244118,"stop":1767125244405,"duration":287},"status":"passed","steps":[],"attachments":[],"parameters":[],"stepsCount":0,"shouldDisplayMessage":false,"attachmentsCount":0,"hasContent":false,"attachmentStep":false},{"name":"product_page","time":{"start":1767125244406,"stop":1767125244406,"duration":0},"status":"passed","steps":[],"attachments":[],"parameters":[],"stepsCount":0,"shouldDisplayMessage":false,"attachmentsCount":0,"hasContent":false,"attachmentStep":false}],"testStage":{"status":"skipped","statusMessage":"XFAIL\n\nselenium.common.exceptions.NoSuchElementException: Message: no such element: Unable to locate element: {\"method\":\"css selector\",\"selector\":\".btn-add-to-basket\"}\n  (Session info: chrome=143.0.7499.109); For documentation on this error, please visit: https://www.selenium.dev/documentation/webdriver/troubleshooting/errors#nosuchelementexception\nStacktrace:\n#0 0x55e6c967d19a <unknown>\n#1 0x55e6c90fac4b <unknown>\n#2 0x55e6c914c318 <unknown>\n#3 0x55e6c914c551 <unknown>\n#4 0x55e6c919a764 <unknown>\n#5 0x55e6c9197bee <unknown>\n#6 0x55e6c913ec42 <unknown>\n#7 0x55e6c913f8f1 <unknown>\n#8 0x55e6c9645f39 <unknown>\n#9 0x55e6c9648e7d <unknown>\n#10 0x55e6c962ec81 <unknown>\n#11 0x55e6c9649a5b <unknown>\n#12 0x55e6c9615a50 <unknown>\n#13 0x55e6c966aaa8 <unknown>\n#14 0x55e6c966ac79 <unknown>\n#15 0x55e6c967c4f3 <unknown>\n#16 0x7fdd4ac9caa4 <unknown>\n#17 0x7fdd4ad29c6c <unknown>","statusTrace":"self = <tests.test_product_page.TestProductPage object at 0x7f19162626d0>\nnum = 7\nproduct_page = <pages.product_page.ProductPage object at 0x7f191643bed0>\n\n    @allure.feature('Product page')\n    @allure.story('Adding product to basket')\n    @allure.title('Guest can add product to basket')\n    @pytest.mark.basket\n    @pytest.mark.guest\n    @pytest.mark.smoke\n    @pytest.mark.parametrize(\n        'num',\n        [0, 1, 2, 3, 4, 5, 6, pytest.param(7, marks=pytest.mark.xfail), 8, 9],\n    )\n    def test_guest_can_add_product_to_basket(self, num, product_page):\n        link = (\n            f'https://selenium1py.pythonanywhere.com/catalogue/'\n            f'coders-at-work_207/?promo=offer{num}'\n        )\n        product_page.open_product_page(link)\n>       product_page.click_add_to_basket_button()\n\ntests/test_product_page.py:97: \n_ _ _ _ _ _ _ _ _ _ _ _ _ _ _ _ _ _ _ _ _ _ _ _ _ _ _ _ _ _ _ _ _ _ _ _ _ _ _ _ \npages/product_page.py:93: in click_add_to_basket_button\n    self.add_to_basket_button.click()\n    ^^^^^^^^^^^^^^^^^^^^^^^^^\npages/product_page.py:29: in add_to_basket_button\n    return self.find_element(*self.add_to_basket_button_locator)\n           ^^^^^^^^^^^^^^^^^^^^^^^^^^^^^^^^^^^^^^^^^^^^^^^^^^^^^\npages/base_page.py:38: in find_element\n    return self.browser.find_element(how, what)\n           ^^^^^^^^^^^^^^^^^^^^^^^^^^^^^^^^^^^^\n/opt/hostedtoolcache/Python/3.13.11/x64/lib/python3.13/site-packages/selenium/webdriver/remote/webdriver.py:802: in find_element\n    return self.execute(Command.FIND_ELEMENT, {\"using\": by, \"value\": value})[\"value\"]\n           ^^^^^^^^^^^^^^^^^^^^^^^^^^^^^^^^^^^^^^^^^^^^^^^^^^^^^^^^^^^^^^^^^\n/opt/hostedtoolcache/Python/3.13.11/x64/lib/python3.13/site-packages/selenium/webdriver/remote/webdriver.py:432: in execute\n    self.error_handler.check_response(response)\n_ _ _ _ _ _ _ _ _ _ _ _ _ _ _ _ _ _ _ _ _ _ _ _ _ _ _ _ _ _ _ _ _ _ _ _ _ _ _ _ \n\nself = <selenium.webdriver.remote.errorhandler.ErrorHandler object at 0x7f19162c8640>\nresponse = {'status': 404, 'value': '{\"value\":{\"error\":\"no such element\",\"message\":\"no such element: Unable to locate element: {\\...\\\\n#15 0x55e6c967c4f3 \\\\u003Cunknown>\\\\n#16 0x7fdd4ac9caa4 \\\\u003Cunknown>\\\\n#17 0x7fdd4ad29c6c \\\\u003Cunknown>\\\\n\"}}'}\n\n    def check_response(self, response: dict[str, Any]) -> None:\n        \"\"\"Check that a JSON response from the WebDriver does not have an error.\n    \n        Args:\n            response: The JSON response from the WebDriver server as a dictionary\n                object.\n    \n        Raises:\n            WebDriverException: If the response contains an error message.\n        \"\"\"\n        status = response.get(\"status\", None)\n        if not status or status == ErrorCode.SUCCESS:\n            return\n        value = None\n        message = response.get(\"message\", \"\")\n        screen: str = response.get(\"screen\", \"\")\n        stacktrace = None\n        if isinstance(status, int):\n            value_json = response.get(\"value\", None)\n            if value_json and isinstance(value_json, str):\n                try:\n                    value = json.loads(value_json)\n                    if isinstance(value, dict):\n                        if len(value) == 1:\n                            value = value[\"value\"]\n                        status = value.get(\"error\", None)\n                        if not status:\n                            status = value.get(\"status\", ErrorCode.UNKNOWN_ERROR)\n                            message = value.get(\"value\") or value.get(\"message\")\n                            if not isinstance(message, str):\n                                value = message\n                                message = message.get(\"message\") if isinstance(message, dict) else None\n                        else:\n                            message = value.get(\"message\", None)\n                except ValueError:\n                    pass\n    \n        exception_class: type[WebDriverException]\n        e = ErrorCode()\n        error_codes = [item for item in dir(e) if not item.startswith(\"__\")]\n        for error_code in error_codes:\n            error_info = getattr(ErrorCode, error_code)\n            if isinstance(error_info, list) and status in error_info:\n                exception_class = getattr(ExceptionMapping, error_code, WebDriverException)\n                break\n        else:\n            exception_class = WebDriverException\n    \n        if not value:\n            value = response[\"value\"]\n        if isinstance(value, str):\n            raise exception_class(value)\n        if message == \"\" and \"message\" in value:\n            message = value[\"message\"]\n    \n        screen = None  # type: ignore[assignment]\n        if \"screen\" in value:\n            screen = value[\"screen\"]\n    \n        stacktrace = None\n        st_value = value.get(\"stackTrace\") or value.get(\"stacktrace\")\n        if st_value:\n            if isinstance(st_value, str):\n                stacktrace = st_value.split(\"\\n\")\n            else:\n                stacktrace = []\n                try:\n                    for frame in st_value:\n                        line = frame.get(\"lineNumber\", \"\")\n                        file = frame.get(\"fileName\", \"<anonymous>\")\n                        if line:\n                            file = f\"{file}:{line}\"\n                        meth = frame.get(\"methodName\", \"<anonymous>\")\n                        if \"className\" in frame:\n                            meth = f\"{frame['className']}.{meth}\"\n                        msg = \"    at %s (%s)\"\n                        msg = msg % (meth, file)\n                        stacktrace.append(msg)\n                except TypeError:\n                    pass\n        if exception_class == UnexpectedAlertPresentException:\n            alert_text = None\n            if \"data\" in value:\n                alert_text = value[\"data\"].get(\"text\")\n            elif \"alert\" in value:\n                alert_text = value[\"alert\"].get(\"text\")\n            raise exception_class(message, screen, stacktrace, alert_text)  # type: ignore[call-arg]  # mypy is not smart enough here\n>       raise exception_class(message, screen, stacktrace)\nE       selenium.common.exceptions.NoSuchElementException: Message: no such element: Unable to locate element: {\"method\":\"css selector\",\"selector\":\".btn-add-to-basket\"}\nE         (Session info: chrome=143.0.7499.109); For documentation on this error, please visit: https://www.selenium.dev/documentation/webdriver/troubleshooting/errors#nosuchelementexception\nE       Stacktrace:\nE       #0 0x55e6c967d19a <unknown>\nE       #1 0x55e6c90fac4b <unknown>\nE       #2 0x55e6c914c318 <unknown>\nE       #3 0x55e6c914c551 <unknown>\nE       #4 0x55e6c919a764 <unknown>\nE       #5 0x55e6c9197bee <unknown>\nE       #6 0x55e6c913ec42 <unknown>\nE       #7 0x55e6c913f8f1 <unknown>\nE       #8 0x55e6c9645f39 <unknown>\nE       #9 0x55e6c9648e7d <unknown>\nE       #10 0x55e6c962ec81 <unknown>\nE       #11 0x55e6c9649a5b <unknown>\nE       #12 0x55e6c9615a50 <unknown>\nE       #13 0x55e6c966aaa8 <unknown>\nE       #14 0x55e6c966ac79 <unknown>\nE       #15 0x55e6c967c4f3 <unknown>\nE       #16 0x7fdd4ac9caa4 <unknown>\nE       #17 0x7fdd4ad29c6c <unknown>\n\n/opt/hostedtoolcache/Python/3.13.11/x64/lib/python3.13/site-packages/selenium/webdriver/remote/errorhandler.py:232: NoSuchElementException","steps":[{"name":"Open Product page","time":{"start":1767125244406,"stop":1767125244805,"duration":399},"status":"passed","steps":[],"attachments":[],"parameters":[{"name":"link","value":"'https://selenium1py.pythonanywhere.com/catalogue/coders-at-work_207/?promo=offer7'"}],"stepsCount":0,"shouldDisplayMessage":false,"attachmentsCount":0,"hasContent":true,"attachmentStep":false},{"name":"Click add to basket button","time":{"start":1767125244806,"stop":1767125244830,"duration":24},"status":"broken","statusMessage":"selenium.common.exceptions.NoSuchElementException: Message: no such element: Unable to locate element: {\"method\":\"css selector\",\"selector\":\".btn-add-to-basket\"}\n  (Session info: chrome=143.0.7499.109); For documentation on this error, please visit: https://www.selenium.dev/documentation/webdriver/troubleshooting/errors#nosuchelementexception\nStacktrace:\n#0 0x55e6c967d19a <unknown>\n#1 0x55e6c90fac4b <unknown>\n#2 0x55e6c914c318 <unknown>\n#3 0x55e6c914c551 <unknown>\n#4 0x55e6c919a764 <unknown>\n#5 0x55e6c9197bee <unknown>\n#6 0x55e6c913ec42 <unknown>\n#7 0x55e6c913f8f1 <unknown>\n#8 0x55e6c9645f39 <unknown>\n#9 0x55e6c9648e7d <unknown>\n#10 0x55e6c962ec81 <unknown>\n#11 0x55e6c9649a5b <unknown>\n#12 0x55e6c9615a50 <unknown>\n#13 0x55e6c966aaa8 <unknown>\n#14 0x55e6c966ac79 <unknown>\n#15 0x55e6c967c4f3 <unknown>\n#16 0x7fdd4ac9caa4 <unknown>\n#17 0x7fdd4ad29c6c <unknown>\n\n","statusTrace":"  File \"/opt/hostedtoolcache/Python/3.13.11/x64/lib/python3.13/site-packages/allure_commons/_allure.py\", line 202, in impl\n    return func(*a, **kw)\n  File \"/home/runner/work/selenium1py.pythonanywhere_tests/selenium1py.pythonanywhere_tests/pages/product_page.py\", line 93, in click_add_to_basket_button\n    self.add_to_basket_button.click()\n    ^^^^^^^^^^^^^^^^^^^^^^^^^\n  File \"/home/runner/work/selenium1py.pythonanywhere_tests/selenium1py.pythonanywhere_tests/pages/product_page.py\", line 29, in add_to_basket_button\n    return self.find_element(*self.add_to_basket_button_locator)\n           ~~~~~~~~~~~~~~~~~^^^^^^^^^^^^^^^^^^^^^^^^^^^^^^^^^^^^\n  File \"/home/runner/work/selenium1py.pythonanywhere_tests/selenium1py.pythonanywhere_tests/pages/base_page.py\", line 38, in find_element\n    return self.browser.find_element(how, what)\n           ~~~~~~~~~~~~~~~~~~~~~~~~~^^^^^^^^^^^\n  File \"/opt/hostedtoolcache/Python/3.13.11/x64/lib/python3.13/site-packages/selenium/webdriver/remote/webdriver.py\", line 802, in find_element\n    return self.execute(Command.FIND_ELEMENT, {\"using\": by, \"value\": value})[\"value\"]\n           ~~~~~~~~~~~~^^^^^^^^^^^^^^^^^^^^^^^^^^^^^^^^^^^^^^^^^^^^^^^^^^^^^\n  File \"/opt/hostedtoolcache/Python/3.13.11/x64/lib/python3.13/site-packages/selenium/webdriver/remote/webdriver.py\", line 432, in execute\n    self.error_handler.check_response(response)\n    ~~~~~~~~~~~~~~~~~~~~~~~~~~~~~~~~~^^^^^^^^^^\n  File \"/opt/hostedtoolcache/Python/3.13.11/x64/lib/python3.13/site-packages/selenium/webdriver/remote/errorhandler.py\", line 232, in check_response\n    raise exception_class(message, screen, stacktrace)\n","steps":[],"attachments":[],"parameters":[],"stepsCount":0,"shouldDisplayMessage":true,"attachmentsCount":0,"hasContent":true,"attachmentStep":false}],"attachments":[],"parameters":[],"stepsCount":2,"shouldDisplayMessage":true,"attachmentsCount":0,"hasContent":true,"attachmentStep":false},"afterStages":[{"name":"browser::0","time":{"start":1767125244906,"stop":1767125244972,"duration":66},"status":"passed","steps":[],"attachments":[],"parameters":[],"stepsCount":0,"shouldDisplayMessage":false,"attachmentsCount":0,"hasContent":false,"attachmentStep":false}],"labels":[{"name":"feature","value":"Product page"},{"name":"story","value":"Adding product to basket"},{"name":"tag","value":"smoke"},{"name":"tag","value":"guest"},{"name":"tag","value":"basket"},{"name":"tag","value":"regression"},{"name":"tag","value":"product_page"},{"name":"parentSuite","value":"tests"},{"name":"suite","value":"test_product_page"},{"name":"subSuite","value":"TestProductPage"},{"name":"host","value":"runnervmh13bl"},{"name":"thread","value":"2208-MainThread"},{"name":"framework","value":"pytest"},{"name":"language","value":"cpython3"},{"name":"package","value":"tests.test_product_page"},{"name":"resultFormat","value":"allure2"}],"parameters":[{"name":"num","value":"7"}],"links":[],"hidden":false,"retry":false,"extra":{"severity":"normal","retries":[],"categories":[],"history":{"statistic":{"failed":0,"broken":0,"skipped":3,"passed":0,"unknown":0,"total":3},"items":[{"uid":"9600a91f7e275a56","reportUrl":"https://astrablur.github.io/selenium1py.pythonanywhere_tests/2/#testresult/9600a91f7e275a56","status":"skipped","statusDetails":"XFAIL\n\nAssertionError: Product name should be \"Coders at Work\", but product name in alert is \"Coders at Work book\"","time":{"start":1767125065427,"stop":1767125066417,"duration":990}},{"uid":"b0190e1127c6ecfe","reportUrl":"https://astrablur.github.io/selenium1py.pythonanywhere_tests/1/#testresult/b0190e1127c6ecfe","status":"skipped","statusDetails":"XFAIL\n\nAssertionError: Product name should be \"Coders at Work\", but product name in alert is \"Coders at Work book\"","time":{"start":1767124875790,"stop":1767124877807,"duration":2017}}]},"tags":["basket","regression","smoke","product_page","guest"]},"source":"f94a588c5e8a66df.json","parameterValues":["7"]}