{"uid":"1f06e02f912dfa4a","name":"User can add product to basket","fullName":"tests.test_product_page.TestProductPage#test_user_can_add_product_to_basket","historyId":"9881ee4cbc1163f008e4b2cd3d78ab56","time":{"start":1767124878365,"stop":1767124878365,"duration":0},"status":"broken","statusMessage":"selenium.common.exceptions.TimeoutException: Message: \nStacktrace:\n#0 0x55a39650f19a <unknown>\n#1 0x55a395f8cc4b <unknown>\n#2 0x55a395fde318 <unknown>\n#3 0x55a395fde551 <unknown>\n#4 0x55a39602c764 <unknown>\n#5 0x55a396029bee <unknown>\n#6 0x55a395fd0c42 <unknown>\n#7 0x55a395fd18f1 <unknown>\n#8 0x55a3964d7f39 <unknown>\n#9 0x55a3964dae7d <unknown>\n#10 0x55a3964c0c81 <unknown>\n#11 0x55a3964dba5b <unknown>\n#12 0x55a3964a7a50 <unknown>\n#13 0x55a3964fcaa8 <unknown>\n#14 0x55a3964fcc79 <unknown>\n#15 0x55a39650e4f3 <unknown>\n#16 0x7fa0d9a9caa4 <unknown>\n#17 0x7fa0d9b29c6c <unknown>","statusTrace":"browser = <selenium.webdriver.chrome.webdriver.WebDriver (session=\"5f0736d7d33a763b81634b8c67184bf4\")>\nlogin_page = <pages.login_page.LoginPage object at 0x7f2b32c07a10>\n\n    @pytest.fixture()\n    def authorized_user(browser, login_page):\n        login_page.open_login_page()\n>       login_page.register_new_user()\n\ntests/conftest.py:64: \n_ _ _ _ _ _ _ _ _ _ _ _ _ _ _ _ _ _ _ _ _ _ _ _ _ _ _ _ _ _ _ _ _ _ _ _ _ _ _ _ \npages/login_page.py:66: in register_new_user\n    self.is_element_present(*self.thanks_for_registration_alert_locator), (\n    ^^^^^^^^^^^^^^^^^^^^^^^^^^^^^^^^^^^^^^^^^^^^^^^^^^^^^^^^^^^^^^^^^^^^\npages/base_page.py:46: in is_element_present\n    self.wait.until(self.ec.presence_of_element_located((how, what)))\n_ _ _ _ _ _ _ _ _ _ _ _ _ _ _ _ _ _ _ _ _ _ _ _ _ _ _ _ _ _ _ _ _ _ _ _ _ _ _ _ \n\nself = <selenium.webdriver.support.wait.WebDriverWait (session=\"5f0736d7d33a763b81634b8c67184bf4\")>\nmethod = <function presence_of_element_located.<locals>._predicate at 0x7f2b32a4a520>\nmessage = ''\n\n    def until(self, method: Callable[[D], Literal[False] | T], message: str = \"\") -> T:\n        \"\"\"Wait until the method returns a value that is not False.\n    \n        Calls the method provided with the driver as an argument until the\n        return value does not evaluate to ``False``.\n    \n        Args:\n            method: A callable object that takes a WebDriver instance as an\n                argument.\n            message: Optional message for TimeoutException.\n    \n        Returns:\n            The result of the last call to `method`.\n    \n        Raises:\n            TimeoutException: If 'method' does not return a truthy value within\n                the WebDriverWait object's timeout.\n    \n        Example:\n            >>> from selenium.webdriver.common.by import By\n            >>> from selenium.webdriver.support.ui import WebDriverWait\n            >>> from selenium.webdriver.support import expected_conditions as EC\n            >>>\n            >>> # Wait until an element is visible on the page\n            >>> wait = WebDriverWait(driver, 10)\n            >>> element = wait.until(EC.visibility_of_element_located((By.ID, \"exampleId\")))\n            >>> print(element.text)\n        \"\"\"\n        screen = None\n        stacktrace = None\n    \n        end_time = time.monotonic() + self._timeout\n        while True:\n            try:\n                value = method(self._driver)\n                if value:\n                    return value\n            except self._ignored_exceptions as exc:\n                screen = getattr(exc, \"screen\", None)\n                stacktrace = getattr(exc, \"stacktrace\", None)\n            if time.monotonic() > end_time:\n                break\n            time.sleep(self._poll)\n>       raise TimeoutException(message, screen, stacktrace)\nE       selenium.common.exceptions.TimeoutException: Message: \nE       Stacktrace:\nE       #0 0x55a39650f19a <unknown>\nE       #1 0x55a395f8cc4b <unknown>\nE       #2 0x55a395fde318 <unknown>\nE       #3 0x55a395fde551 <unknown>\nE       #4 0x55a39602c764 <unknown>\nE       #5 0x55a396029bee <unknown>\nE       #6 0x55a395fd0c42 <unknown>\nE       #7 0x55a395fd18f1 <unknown>\nE       #8 0x55a3964d7f39 <unknown>\nE       #9 0x55a3964dae7d <unknown>\nE       #10 0x55a3964c0c81 <unknown>\nE       #11 0x55a3964dba5b <unknown>\nE       #12 0x55a3964a7a50 <unknown>\nE       #13 0x55a3964fcaa8 <unknown>\nE       #14 0x55a3964fcc79 <unknown>\nE       #15 0x55a39650e4f3 <unknown>\nE       #16 0x7fa0d9a9caa4 <unknown>\nE       #17 0x7fa0d9b29c6c <unknown>\n\n/opt/hostedtoolcache/Python/3.13.11/x64/lib/python3.13/site-packages/selenium/webdriver/support/wait.py:122: TimeoutException","flaky":false,"newFailed":false,"newBroken":false,"newPassed":false,"retriesCount":0,"retriesStatusChange":false,"beforeStages":[{"name":"_session_faker","time":{"start":1767124848621,"stop":1767124848622,"duration":1},"status":"passed","steps":[],"attachments":[],"parameters":[],"stepsCount":0,"shouldDisplayMessage":false,"attachmentsCount":0,"hasContent":false,"attachmentStep":false},{"name":"browser","time":{"start":1767124878373,"stop":1767124878832,"duration":459},"status":"passed","steps":[],"attachments":[],"parameters":[],"stepsCount":0,"shouldDisplayMessage":false,"attachmentsCount":0,"hasContent":false,"attachmentStep":false},{"name":"authorized_user","time":{"start":1767124878832,"stop":1767124885160,"duration":6328},"status":"broken","statusMessage":"selenium.common.exceptions.TimeoutException: Message: \nStacktrace:\n#0 0x55a39650f19a <unknown>\n#1 0x55a395f8cc4b <unknown>\n#2 0x55a395fde318 <unknown>\n#3 0x55a395fde551 <unknown>\n#4 0x55a39602c764 <unknown>\n#5 0x55a396029bee <unknown>\n#6 0x55a395fd0c42 <unknown>\n#7 0x55a395fd18f1 <unknown>\n#8 0x55a3964d7f39 <unknown>\n#9 0x55a3964dae7d <unknown>\n#10 0x55a3964c0c81 <unknown>\n#11 0x55a3964dba5b <unknown>\n#12 0x55a3964a7a50 <unknown>\n#13 0x55a3964fcaa8 <unknown>\n#14 0x55a3964fcc79 <unknown>\n#15 0x55a39650e4f3 <unknown>\n#16 0x7fa0d9a9caa4 <unknown>\n#17 0x7fa0d9b29c6c <unknown>\n\n","statusTrace":"  File \"/opt/hostedtoolcache/Python/3.13.11/x64/lib/python3.13/site-packages/pluggy/_callers.py\", line 38, in run_old_style_hookwrapper\n    res = yield\n          ^^^^^\n  File \"/opt/hostedtoolcache/Python/3.13.11/x64/lib/python3.13/site-packages/pluggy/_callers.py\", line 139, in _multicall\n    teardown.throw(exception)\n    ~~~~~~~~~~~~~~^^^^^^^^^^^\n  File \"/opt/hostedtoolcache/Python/3.13.11/x64/lib/python3.13/site-packages/_pytest/setuponly.py\", line 36, in pytest_fixture_setup\n    return (yield)\n            ^^^^^\n  File \"/opt/hostedtoolcache/Python/3.13.11/x64/lib/python3.13/site-packages/pluggy/_callers.py\", line 121, in _multicall\n    res = hook_impl.function(*args)\n  File \"/opt/hostedtoolcache/Python/3.13.11/x64/lib/python3.13/site-packages/_pytest/fixtures.py\", line 1202, in pytest_fixture_setup\n    result = call_fixture_func(fixturefunc, request, kwargs)\n  File \"/opt/hostedtoolcache/Python/3.13.11/x64/lib/python3.13/site-packages/_pytest/fixtures.py\", line 915, in call_fixture_func\n    fixture_result = fixturefunc(**kwargs)\n  File \"/home/runner/work/selenium1py.pythonanywhere_tests/selenium1py.pythonanywhere_tests/tests/conftest.py\", line 64, in authorized_user\n    login_page.register_new_user()\n    ~~~~~~~~~~~~~~~~~~~~~~~~~~~~^^\n  File \"/opt/hostedtoolcache/Python/3.13.11/x64/lib/python3.13/site-packages/allure_commons/_allure.py\", line 202, in impl\n    return func(*a, **kw)\n  File \"/home/runner/work/selenium1py.pythonanywhere_tests/selenium1py.pythonanywhere_tests/pages/login_page.py\", line 66, in register_new_user\n    self.is_element_present(*self.thanks_for_registration_alert_locator), (\n    ~~~~~~~~~~~~~~~~~~~~~~~^^^^^^^^^^^^^^^^^^^^^^^^^^^^^^^^^^^^^^^^^^^^^\n  File \"/home/runner/work/selenium1py.pythonanywhere_tests/selenium1py.pythonanywhere_tests/pages/base_page.py\", line 46, in is_element_present\n    self.wait.until(self.ec.presence_of_element_located((how, what)))\n    ~~~~~~~~~~~~~~~^^^^^^^^^^^^^^^^^^^^^^^^^^^^^^^^^^^^^^^^^^^^^^^^^^\n  File \"/opt/hostedtoolcache/Python/3.13.11/x64/lib/python3.13/site-packages/selenium/webdriver/support/wait.py\", line 122, in until\n    raise TimeoutException(message, screen, stacktrace)\n","steps":[{"name":"Open Login page","time":{"start":1767124878832,"stop":1767124879652,"duration":820},"status":"passed","steps":[],"attachments":[],"parameters":[],"stepsCount":0,"shouldDisplayMessage":false,"attachmentsCount":0,"hasContent":false,"attachmentStep":false},{"name":"Register new user","time":{"start":1767124879652,"stop":1767124885159,"duration":5507},"status":"broken","statusMessage":"selenium.common.exceptions.TimeoutException: Message: \nStacktrace:\n#0 0x55a39650f19a <unknown>\n#1 0x55a395f8cc4b <unknown>\n#2 0x55a395fde318 <unknown>\n#3 0x55a395fde551 <unknown>\n#4 0x55a39602c764 <unknown>\n#5 0x55a396029bee <unknown>\n#6 0x55a395fd0c42 <unknown>\n#7 0x55a395fd18f1 <unknown>\n#8 0x55a3964d7f39 <unknown>\n#9 0x55a3964dae7d <unknown>\n#10 0x55a3964c0c81 <unknown>\n#11 0x55a3964dba5b <unknown>\n#12 0x55a3964a7a50 <unknown>\n#13 0x55a3964fcaa8 <unknown>\n#14 0x55a3964fcc79 <unknown>\n#15 0x55a39650e4f3 <unknown>\n#16 0x7fa0d9a9caa4 <unknown>\n#17 0x7fa0d9b29c6c <unknown>\n\n","statusTrace":"  File \"/opt/hostedtoolcache/Python/3.13.11/x64/lib/python3.13/site-packages/allure_commons/_allure.py\", line 202, in impl\n    return func(*a, **kw)\n  File \"/home/runner/work/selenium1py.pythonanywhere_tests/selenium1py.pythonanywhere_tests/pages/login_page.py\", line 66, in register_new_user\n    self.is_element_present(*self.thanks_for_registration_alert_locator), (\n    ~~~~~~~~~~~~~~~~~~~~~~~^^^^^^^^^^^^^^^^^^^^^^^^^^^^^^^^^^^^^^^^^^^^^\n  File \"/home/runner/work/selenium1py.pythonanywhere_tests/selenium1py.pythonanywhere_tests/pages/base_page.py\", line 46, in is_element_present\n    self.wait.until(self.ec.presence_of_element_located((how, what)))\n    ~~~~~~~~~~~~~~~^^^^^^^^^^^^^^^^^^^^^^^^^^^^^^^^^^^^^^^^^^^^^^^^^^\n  File \"/opt/hostedtoolcache/Python/3.13.11/x64/lib/python3.13/site-packages/selenium/webdriver/support/wait.py\", line 122, in until\n    raise TimeoutException(message, screen, stacktrace)\n","steps":[],"attachments":[],"parameters":[],"stepsCount":0,"shouldDisplayMessage":true,"attachmentsCount":0,"hasContent":true,"attachmentStep":false}],"attachments":[],"parameters":[],"stepsCount":2,"shouldDisplayMessage":false,"attachmentsCount":0,"hasContent":true,"attachmentStep":false},{"name":"login_page","time":{"start":1767124878832,"stop":1767124878832,"duration":0},"status":"passed","steps":[],"attachments":[],"parameters":[],"stepsCount":0,"shouldDisplayMessage":false,"attachmentsCount":0,"hasContent":false,"attachmentStep":false},{"name":"product_page","time":{"start":1767124898676,"stop":1767124898676,"duration":0},"status":"passed","steps":[],"attachments":[],"parameters":[],"stepsCount":0,"shouldDisplayMessage":false,"attachmentsCount":0,"hasContent":false,"attachmentStep":false}],"afterStages":[{"name":"browser::0","time":{"start":1767124885196,"stop":1767124885256,"duration":60},"status":"passed","steps":[],"attachments":[],"parameters":[],"stepsCount":0,"shouldDisplayMessage":false,"attachmentsCount":0,"hasContent":false,"attachmentStep":false}],"labels":[{"name":"feature","value":"Product page"},{"name":"story","value":"Adding product to basket"},{"name":"tag","value":"smoke"},{"name":"tag","value":"user"},{"name":"tag","value":"basket"},{"name":"tag","value":"regression"},{"name":"tag","value":"product_page"},{"name":"parentSuite","value":"tests"},{"name":"suite","value":"test_product_page"},{"name":"subSuite","value":"TestProductPage"},{"name":"host","value":"runnervmh13bl"},{"name":"thread","value":"2319-MainThread"},{"name":"framework","value":"pytest"},{"name":"language","value":"cpython3"},{"name":"package","value":"tests.test_product_page"},{"name":"resultFormat","value":"allure2"}],"parameters":[],"links":[],"hidden":true,"retry":true,"extra":{"categories":[],"tags":["basket","regression","smoke","product_page","user"]},"source":"1f06e02f912dfa4a.json","parameterValues":[]}