{"uid":"e77257541317fc0b","name":"Guest see no products in empty basket opened from Product page","fullName":"tests.test_product_page.TestProductPage#test_guest_see_no_products_in_empty_basket_opened_from_product_page","historyId":"c19e53b0bbbfa5ecaa4fa655c38b5358","time":{"start":1767124880522,"stop":1767124881257,"duration":735},"status":"broken","statusMessage":"selenium.common.exceptions.NoSuchElementException: Message: no such element: Unable to locate element: {\"method\":\"css selector\",\"selector\":\".basket-mini a\"}\n  (Session info: chrome=143.0.7499.109); For documentation on this error, please visit: https://www.selenium.dev/documentation/webdriver/troubleshooting/errors#nosuchelementexception\nStacktrace:\n#0 0x55ad9175919a <unknown>\n#1 0x55ad911d6c4b <unknown>\n#2 0x55ad91228318 <unknown>\n#3 0x55ad91228551 <unknown>\n#4 0x55ad91276764 <unknown>\n#5 0x55ad91273bee <unknown>\n#6 0x55ad9121ac42 <unknown>\n#7 0x55ad9121b8f1 <unknown>\n#8 0x55ad91721f39 <unknown>\n#9 0x55ad91724e7d <unknown>\n#10 0x55ad9170ac81 <unknown>\n#11 0x55ad91725a5b <unknown>\n#12 0x55ad916f1a50 <unknown>\n#13 0x55ad91746aa8 <unknown>\n#14 0x55ad91746c79 <unknown>\n#15 0x55ad917584f3 <unknown>\n#16 0x7f19f649caa4 <unknown>\n#17 0x7f19f6529c6c <unknown>","statusTrace":"self = <tests.test_product_page.TestProductPage object at 0x7f484b4a0260>\nproduct_page = <pages.product_page.ProductPage object at 0x7f484b486cf0>\nbasket_page = <pages.basket_page.BasketPage object at 0x7f484b657a10>\n\n    @allure.feature('Product page')\n    @allure.story('Empty basket from Product page')\n    @allure.title(\n        'Guest see no products in empty basket opened from Product page'\n    )\n    @pytest.mark.basket\n    @pytest.mark.guest\n    def test_guest_see_no_products_in_empty_basket_opened_from_product_page(\n        self, product_page, basket_page\n    ):\n        link = (\n            'https://selenium1py.pythonanywhere.com/catalogue/'\n            'sams-teach-yourself-mysql-in-24-hours_145/'\n        )\n        product_page.open_product_page(link)\n>       product_page.click_view_basket_link()\n\ntests/test_product_page.py:133: \n_ _ _ _ _ _ _ _ _ _ _ _ _ _ _ _ _ _ _ _ _ _ _ _ _ _ _ _ _ _ _ _ _ _ _ _ _ _ _ _ \npages/base_page.py:35: in click_view_basket_link\n    self.view_basket_link.click()\n    ^^^^^^^^^^^^^^^^^^^^^\npages/base_page.py:31: in view_basket_link\n    return self.find_element(*self.view_basket_link_locator)\n           ^^^^^^^^^^^^^^^^^^^^^^^^^^^^^^^^^^^^^^^^^^^^^^^^^\npages/base_page.py:38: in find_element\n    return self.browser.find_element(how, what)\n           ^^^^^^^^^^^^^^^^^^^^^^^^^^^^^^^^^^^^\n/opt/hostedtoolcache/Python/3.13.11/x64/lib/python3.13/site-packages/selenium/webdriver/remote/webdriver.py:802: in find_element\n    return self.execute(Command.FIND_ELEMENT, {\"using\": by, \"value\": value})[\"value\"]\n           ^^^^^^^^^^^^^^^^^^^^^^^^^^^^^^^^^^^^^^^^^^^^^^^^^^^^^^^^^^^^^^^^^\n/opt/hostedtoolcache/Python/3.13.11/x64/lib/python3.13/site-packages/selenium/webdriver/remote/webdriver.py:432: in execute\n    self.error_handler.check_response(response)\n_ _ _ _ _ _ _ _ _ _ _ _ _ _ _ _ _ _ _ _ _ _ _ _ _ _ _ _ _ _ _ _ _ _ _ _ _ _ _ _ \n\nself = <selenium.webdriver.remote.errorhandler.ErrorHandler object at 0x7f484b486360>\nresponse = {'status': 404, 'value': '{\"value\":{\"error\":\"no such element\",\"message\":\"no such element: Unable to locate element: {\\...\\\\n#15 0x55ad917584f3 \\\\u003Cunknown>\\\\n#16 0x7f19f649caa4 \\\\u003Cunknown>\\\\n#17 0x7f19f6529c6c \\\\u003Cunknown>\\\\n\"}}'}\n\n    def check_response(self, response: dict[str, Any]) -> None:\n        \"\"\"Check that a JSON response from the WebDriver does not have an error.\n    \n        Args:\n            response: The JSON response from the WebDriver server as a dictionary\n                object.\n    \n        Raises:\n            WebDriverException: If the response contains an error message.\n        \"\"\"\n        status = response.get(\"status\", None)\n        if not status or status == ErrorCode.SUCCESS:\n            return\n        value = None\n        message = response.get(\"message\", \"\")\n        screen: str = response.get(\"screen\", \"\")\n        stacktrace = None\n        if isinstance(status, int):\n            value_json = response.get(\"value\", None)\n            if value_json and isinstance(value_json, str):\n                try:\n                    value = json.loads(value_json)\n                    if isinstance(value, dict):\n                        if len(value) == 1:\n                            value = value[\"value\"]\n                        status = value.get(\"error\", None)\n                        if not status:\n                            status = value.get(\"status\", ErrorCode.UNKNOWN_ERROR)\n                            message = value.get(\"value\") or value.get(\"message\")\n                            if not isinstance(message, str):\n                                value = message\n                                message = message.get(\"message\") if isinstance(message, dict) else None\n                        else:\n                            message = value.get(\"message\", None)\n                except ValueError:\n                    pass\n    \n        exception_class: type[WebDriverException]\n        e = ErrorCode()\n        error_codes = [item for item in dir(e) if not item.startswith(\"__\")]\n        for error_code in error_codes:\n            error_info = getattr(ErrorCode, error_code)\n            if isinstance(error_info, list) and status in error_info:\n                exception_class = getattr(ExceptionMapping, error_code, WebDriverException)\n                break\n        else:\n            exception_class = WebDriverException\n    \n        if not value:\n            value = response[\"value\"]\n        if isinstance(value, str):\n            raise exception_class(value)\n        if message == \"\" and \"message\" in value:\n            message = value[\"message\"]\n    \n        screen = None  # type: ignore[assignment]\n        if \"screen\" in value:\n            screen = value[\"screen\"]\n    \n        stacktrace = None\n        st_value = value.get(\"stackTrace\") or value.get(\"stacktrace\")\n        if st_value:\n            if isinstance(st_value, str):\n                stacktrace = st_value.split(\"\\n\")\n            else:\n                stacktrace = []\n                try:\n                    for frame in st_value:\n                        line = frame.get(\"lineNumber\", \"\")\n                        file = frame.get(\"fileName\", \"<anonymous>\")\n                        if line:\n                            file = f\"{file}:{line}\"\n                        meth = frame.get(\"methodName\", \"<anonymous>\")\n                        if \"className\" in frame:\n                            meth = f\"{frame['className']}.{meth}\"\n                        msg = \"    at %s (%s)\"\n                        msg = msg % (meth, file)\n                        stacktrace.append(msg)\n                except TypeError:\n                    pass\n        if exception_class == UnexpectedAlertPresentException:\n            alert_text = None\n            if \"data\" in value:\n                alert_text = value[\"data\"].get(\"text\")\n            elif \"alert\" in value:\n                alert_text = value[\"alert\"].get(\"text\")\n            raise exception_class(message, screen, stacktrace, alert_text)  # type: ignore[call-arg]  # mypy is not smart enough here\n>       raise exception_class(message, screen, stacktrace)\nE       selenium.common.exceptions.NoSuchElementException: Message: no such element: Unable to locate element: {\"method\":\"css selector\",\"selector\":\".basket-mini a\"}\nE         (Session info: chrome=143.0.7499.109); For documentation on this error, please visit: https://www.selenium.dev/documentation/webdriver/troubleshooting/errors#nosuchelementexception\nE       Stacktrace:\nE       #0 0x55ad9175919a <unknown>\nE       #1 0x55ad911d6c4b <unknown>\nE       #2 0x55ad91228318 <unknown>\nE       #3 0x55ad91228551 <unknown>\nE       #4 0x55ad91276764 <unknown>\nE       #5 0x55ad91273bee <unknown>\nE       #6 0x55ad9121ac42 <unknown>\nE       #7 0x55ad9121b8f1 <unknown>\nE       #8 0x55ad91721f39 <unknown>\nE       #9 0x55ad91724e7d <unknown>\nE       #10 0x55ad9170ac81 <unknown>\nE       #11 0x55ad91725a5b <unknown>\nE       #12 0x55ad916f1a50 <unknown>\nE       #13 0x55ad91746aa8 <unknown>\nE       #14 0x55ad91746c79 <unknown>\nE       #15 0x55ad917584f3 <unknown>\nE       #16 0x7f19f649caa4 <unknown>\nE       #17 0x7f19f6529c6c <unknown>\n\n/opt/hostedtoolcache/Python/3.13.11/x64/lib/python3.13/site-packages/selenium/webdriver/remote/errorhandler.py:232: NoSuchElementException","flaky":false,"newFailed":false,"newBroken":false,"newPassed":false,"retriesCount":0,"retriesStatusChange":false,"beforeStages":[{"name":"_session_faker","time":{"start":1767124848621,"stop":1767124848622,"duration":1},"status":"passed","steps":[],"attachments":[],"parameters":[],"stepsCount":0,"shouldDisplayMessage":false,"attachmentsCount":0,"hasContent":false,"attachmentStep":false},{"name":"browser","time":{"start":1767124880240,"stop":1767124880517,"duration":277},"status":"passed","steps":[],"attachments":[],"parameters":[],"stepsCount":0,"shouldDisplayMessage":false,"attachmentsCount":0,"hasContent":false,"attachmentStep":false},{"name":"product_page","time":{"start":1767124880517,"stop":1767124880517,"duration":0},"status":"passed","steps":[],"attachments":[],"parameters":[],"stepsCount":0,"shouldDisplayMessage":false,"attachmentsCount":0,"hasContent":false,"attachmentStep":false},{"name":"basket_page","time":{"start":1767124880518,"stop":1767124880521,"duration":3},"status":"passed","steps":[],"attachments":[],"parameters":[],"stepsCount":0,"shouldDisplayMessage":false,"attachmentsCount":0,"hasContent":false,"attachmentStep":false}],"testStage":{"status":"broken","statusMessage":"selenium.common.exceptions.NoSuchElementException: Message: no such element: Unable to locate element: {\"method\":\"css selector\",\"selector\":\".basket-mini a\"}\n  (Session info: chrome=143.0.7499.109); For documentation on this error, please visit: https://www.selenium.dev/documentation/webdriver/troubleshooting/errors#nosuchelementexception\nStacktrace:\n#0 0x55ad9175919a <unknown>\n#1 0x55ad911d6c4b <unknown>\n#2 0x55ad91228318 <unknown>\n#3 0x55ad91228551 <unknown>\n#4 0x55ad91276764 <unknown>\n#5 0x55ad91273bee <unknown>\n#6 0x55ad9121ac42 <unknown>\n#7 0x55ad9121b8f1 <unknown>\n#8 0x55ad91721f39 <unknown>\n#9 0x55ad91724e7d <unknown>\n#10 0x55ad9170ac81 <unknown>\n#11 0x55ad91725a5b <unknown>\n#12 0x55ad916f1a50 <unknown>\n#13 0x55ad91746aa8 <unknown>\n#14 0x55ad91746c79 <unknown>\n#15 0x55ad917584f3 <unknown>\n#16 0x7f19f649caa4 <unknown>\n#17 0x7f19f6529c6c <unknown>","statusTrace":"self = <tests.test_product_page.TestProductPage object at 0x7f484b4a0260>\nproduct_page = <pages.product_page.ProductPage object at 0x7f484b486cf0>\nbasket_page = <pages.basket_page.BasketPage object at 0x7f484b657a10>\n\n    @allure.feature('Product page')\n    @allure.story('Empty basket from Product page')\n    @allure.title(\n        'Guest see no products in empty basket opened from Product page'\n    )\n    @pytest.mark.basket\n    @pytest.mark.guest\n    def test_guest_see_no_products_in_empty_basket_opened_from_product_page(\n        self, product_page, basket_page\n    ):\n        link = (\n            'https://selenium1py.pythonanywhere.com/catalogue/'\n            'sams-teach-yourself-mysql-in-24-hours_145/'\n        )\n        product_page.open_product_page(link)\n>       product_page.click_view_basket_link()\n\ntests/test_product_page.py:133: \n_ _ _ _ _ _ _ _ _ _ _ _ _ _ _ _ _ _ _ _ _ _ _ _ _ _ _ _ _ _ _ _ _ _ _ _ _ _ _ _ \npages/base_page.py:35: in click_view_basket_link\n    self.view_basket_link.click()\n    ^^^^^^^^^^^^^^^^^^^^^\npages/base_page.py:31: in view_basket_link\n    return self.find_element(*self.view_basket_link_locator)\n           ^^^^^^^^^^^^^^^^^^^^^^^^^^^^^^^^^^^^^^^^^^^^^^^^^\npages/base_page.py:38: in find_element\n    return self.browser.find_element(how, what)\n           ^^^^^^^^^^^^^^^^^^^^^^^^^^^^^^^^^^^^\n/opt/hostedtoolcache/Python/3.13.11/x64/lib/python3.13/site-packages/selenium/webdriver/remote/webdriver.py:802: in find_element\n    return self.execute(Command.FIND_ELEMENT, {\"using\": by, \"value\": value})[\"value\"]\n           ^^^^^^^^^^^^^^^^^^^^^^^^^^^^^^^^^^^^^^^^^^^^^^^^^^^^^^^^^^^^^^^^^\n/opt/hostedtoolcache/Python/3.13.11/x64/lib/python3.13/site-packages/selenium/webdriver/remote/webdriver.py:432: in execute\n    self.error_handler.check_response(response)\n_ _ _ _ _ _ _ _ _ _ _ _ _ _ _ _ _ _ _ _ _ _ _ _ _ _ _ _ _ _ _ _ _ _ _ _ _ _ _ _ \n\nself = <selenium.webdriver.remote.errorhandler.ErrorHandler object at 0x7f484b486360>\nresponse = {'status': 404, 'value': '{\"value\":{\"error\":\"no such element\",\"message\":\"no such element: Unable to locate element: {\\...\\\\n#15 0x55ad917584f3 \\\\u003Cunknown>\\\\n#16 0x7f19f649caa4 \\\\u003Cunknown>\\\\n#17 0x7f19f6529c6c \\\\u003Cunknown>\\\\n\"}}'}\n\n    def check_response(self, response: dict[str, Any]) -> None:\n        \"\"\"Check that a JSON response from the WebDriver does not have an error.\n    \n        Args:\n            response: The JSON response from the WebDriver server as a dictionary\n                object.\n    \n        Raises:\n            WebDriverException: If the response contains an error message.\n        \"\"\"\n        status = response.get(\"status\", None)\n        if not status or status == ErrorCode.SUCCESS:\n            return\n        value = None\n        message = response.get(\"message\", \"\")\n        screen: str = response.get(\"screen\", \"\")\n        stacktrace = None\n        if isinstance(status, int):\n            value_json = response.get(\"value\", None)\n            if value_json and isinstance(value_json, str):\n                try:\n                    value = json.loads(value_json)\n                    if isinstance(value, dict):\n                        if len(value) == 1:\n                            value = value[\"value\"]\n                        status = value.get(\"error\", None)\n                        if not status:\n                            status = value.get(\"status\", ErrorCode.UNKNOWN_ERROR)\n                            message = value.get(\"value\") or value.get(\"message\")\n                            if not isinstance(message, str):\n                                value = message\n                                message = message.get(\"message\") if isinstance(message, dict) else None\n                        else:\n                            message = value.get(\"message\", None)\n                except ValueError:\n                    pass\n    \n        exception_class: type[WebDriverException]\n        e = ErrorCode()\n        error_codes = [item for item in dir(e) if not item.startswith(\"__\")]\n        for error_code in error_codes:\n            error_info = getattr(ErrorCode, error_code)\n            if isinstance(error_info, list) and status in error_info:\n                exception_class = getattr(ExceptionMapping, error_code, WebDriverException)\n                break\n        else:\n            exception_class = WebDriverException\n    \n        if not value:\n            value = response[\"value\"]\n        if isinstance(value, str):\n            raise exception_class(value)\n        if message == \"\" and \"message\" in value:\n            message = value[\"message\"]\n    \n        screen = None  # type: ignore[assignment]\n        if \"screen\" in value:\n            screen = value[\"screen\"]\n    \n        stacktrace = None\n        st_value = value.get(\"stackTrace\") or value.get(\"stacktrace\")\n        if st_value:\n            if isinstance(st_value, str):\n                stacktrace = st_value.split(\"\\n\")\n            else:\n                stacktrace = []\n                try:\n                    for frame in st_value:\n                        line = frame.get(\"lineNumber\", \"\")\n                        file = frame.get(\"fileName\", \"<anonymous>\")\n                        if line:\n                            file = f\"{file}:{line}\"\n                        meth = frame.get(\"methodName\", \"<anonymous>\")\n                        if \"className\" in frame:\n                            meth = f\"{frame['className']}.{meth}\"\n                        msg = \"    at %s (%s)\"\n                        msg = msg % (meth, file)\n                        stacktrace.append(msg)\n                except TypeError:\n                    pass\n        if exception_class == UnexpectedAlertPresentException:\n            alert_text = None\n            if \"data\" in value:\n                alert_text = value[\"data\"].get(\"text\")\n            elif \"alert\" in value:\n                alert_text = value[\"alert\"].get(\"text\")\n            raise exception_class(message, screen, stacktrace, alert_text)  # type: ignore[call-arg]  # mypy is not smart enough here\n>       raise exception_class(message, screen, stacktrace)\nE       selenium.common.exceptions.NoSuchElementException: Message: no such element: Unable to locate element: {\"method\":\"css selector\",\"selector\":\".basket-mini a\"}\nE         (Session info: chrome=143.0.7499.109); For documentation on this error, please visit: https://www.selenium.dev/documentation/webdriver/troubleshooting/errors#nosuchelementexception\nE       Stacktrace:\nE       #0 0x55ad9175919a <unknown>\nE       #1 0x55ad911d6c4b <unknown>\nE       #2 0x55ad91228318 <unknown>\nE       #3 0x55ad91228551 <unknown>\nE       #4 0x55ad91276764 <unknown>\nE       #5 0x55ad91273bee <unknown>\nE       #6 0x55ad9121ac42 <unknown>\nE       #7 0x55ad9121b8f1 <unknown>\nE       #8 0x55ad91721f39 <unknown>\nE       #9 0x55ad91724e7d <unknown>\nE       #10 0x55ad9170ac81 <unknown>\nE       #11 0x55ad91725a5b <unknown>\nE       #12 0x55ad916f1a50 <unknown>\nE       #13 0x55ad91746aa8 <unknown>\nE       #14 0x55ad91746c79 <unknown>\nE       #15 0x55ad917584f3 <unknown>\nE       #16 0x7f19f649caa4 <unknown>\nE       #17 0x7f19f6529c6c <unknown>\n\n/opt/hostedtoolcache/Python/3.13.11/x64/lib/python3.13/site-packages/selenium/webdriver/remote/errorhandler.py:232: NoSuchElementException","steps":[{"name":"Open Product page","time":{"start":1767124880522,"stop":1767124881239,"duration":717},"status":"passed","steps":[],"attachments":[],"parameters":[{"name":"link","value":"'https://selenium1py.pythonanywhere.com/catalogue/sams-teach-yourself-mysql-in-24-hours_145/'"}],"stepsCount":0,"shouldDisplayMessage":false,"attachmentsCount":0,"hasContent":true,"attachmentStep":false},{"name":"Click View basket link","time":{"start":1767124881239,"stop":1767124881255,"duration":16},"status":"broken","statusMessage":"selenium.common.exceptions.NoSuchElementException: Message: no such element: Unable to locate element: {\"method\":\"css selector\",\"selector\":\".basket-mini a\"}\n  (Session info: chrome=143.0.7499.109); For documentation on this error, please visit: https://www.selenium.dev/documentation/webdriver/troubleshooting/errors#nosuchelementexception\nStacktrace:\n#0 0x55ad9175919a <unknown>\n#1 0x55ad911d6c4b <unknown>\n#2 0x55ad91228318 <unknown>\n#3 0x55ad91228551 <unknown>\n#4 0x55ad91276764 <unknown>\n#5 0x55ad91273bee <unknown>\n#6 0x55ad9121ac42 <unknown>\n#7 0x55ad9121b8f1 <unknown>\n#8 0x55ad91721f39 <unknown>\n#9 0x55ad91724e7d <unknown>\n#10 0x55ad9170ac81 <unknown>\n#11 0x55ad91725a5b <unknown>\n#12 0x55ad916f1a50 <unknown>\n#13 0x55ad91746aa8 <unknown>\n#14 0x55ad91746c79 <unknown>\n#15 0x55ad917584f3 <unknown>\n#16 0x7f19f649caa4 <unknown>\n#17 0x7f19f6529c6c <unknown>\n\n","statusTrace":"  File \"/opt/hostedtoolcache/Python/3.13.11/x64/lib/python3.13/site-packages/allure_commons/_allure.py\", line 202, in impl\n    return func(*a, **kw)\n  File \"/home/runner/work/selenium1py.pythonanywhere_tests/selenium1py.pythonanywhere_tests/pages/base_page.py\", line 35, in click_view_basket_link\n    self.view_basket_link.click()\n    ^^^^^^^^^^^^^^^^^^^^^\n  File \"/home/runner/work/selenium1py.pythonanywhere_tests/selenium1py.pythonanywhere_tests/pages/base_page.py\", line 31, in view_basket_link\n    return self.find_element(*self.view_basket_link_locator)\n           ~~~~~~~~~~~~~~~~~^^^^^^^^^^^^^^^^^^^^^^^^^^^^^^^^\n  File \"/home/runner/work/selenium1py.pythonanywhere_tests/selenium1py.pythonanywhere_tests/pages/base_page.py\", line 38, in find_element\n    return self.browser.find_element(how, what)\n           ~~~~~~~~~~~~~~~~~~~~~~~~~^^^^^^^^^^^\n  File \"/opt/hostedtoolcache/Python/3.13.11/x64/lib/python3.13/site-packages/selenium/webdriver/remote/webdriver.py\", line 802, in find_element\n    return self.execute(Command.FIND_ELEMENT, {\"using\": by, \"value\": value})[\"value\"]\n           ~~~~~~~~~~~~^^^^^^^^^^^^^^^^^^^^^^^^^^^^^^^^^^^^^^^^^^^^^^^^^^^^^\n  File \"/opt/hostedtoolcache/Python/3.13.11/x64/lib/python3.13/site-packages/selenium/webdriver/remote/webdriver.py\", line 432, in execute\n    self.error_handler.check_response(response)\n    ~~~~~~~~~~~~~~~~~~~~~~~~~~~~~~~~~^^^^^^^^^^\n  File \"/opt/hostedtoolcache/Python/3.13.11/x64/lib/python3.13/site-packages/selenium/webdriver/remote/errorhandler.py\", line 232, in check_response\n    raise exception_class(message, screen, stacktrace)\n","steps":[],"attachments":[],"parameters":[],"stepsCount":0,"shouldDisplayMessage":true,"attachmentsCount":0,"hasContent":true,"attachmentStep":false}],"attachments":[],"parameters":[],"stepsCount":2,"shouldDisplayMessage":true,"attachmentsCount":0,"hasContent":true,"attachmentStep":false},"afterStages":[{"name":"browser::0","time":{"start":1767124881293,"stop":1767124881352,"duration":59},"status":"passed","steps":[],"attachments":[],"parameters":[],"stepsCount":0,"shouldDisplayMessage":false,"attachmentsCount":0,"hasContent":false,"attachmentStep":false}],"labels":[{"name":"feature","value":"Product page"},{"name":"story","value":"Empty basket from Product page"},{"name":"tag","value":"guest"},{"name":"tag","value":"basket"},{"name":"tag","value":"regression"},{"name":"tag","value":"product_page"},{"name":"parentSuite","value":"tests"},{"name":"suite","value":"test_product_page"},{"name":"subSuite","value":"TestProductPage"},{"name":"host","value":"runnervmh13bl"},{"name":"thread","value":"2322-MainThread"},{"name":"framework","value":"pytest"},{"name":"language","value":"cpython3"},{"name":"package","value":"tests.test_product_page"},{"name":"resultFormat","value":"allure2"}],"parameters":[],"links":[],"hidden":true,"retry":true,"extra":{"categories":[],"tags":["basket","regression","product_page","guest"]},"source":"e77257541317fc0b.json","parameterValues":[]}