{"uid":"dfa8b36280fd448e","name":"User can add product to basket","fullName":"tests.test_product_page.TestProductPage#test_user_can_add_product_to_basket","historyId":"9881ee4cbc1163f008e4b2cd3d78ab56","time":{"start":1767125071183,"stop":1767125077794,"duration":6611},"status":"broken","statusMessage":"selenium.common.exceptions.TimeoutException: Message: \nStacktrace:\n#0 0x563f547e619a <unknown>\n#1 0x563f54263c4b <unknown>\n#2 0x563f542b5318 <unknown>\n#3 0x563f542b5551 <unknown>\n#4 0x563f54303764 <unknown>\n#5 0x563f54300bee <unknown>\n#6 0x563f542a7c42 <unknown>\n#7 0x563f542a88f1 <unknown>\n#8 0x563f547aef39 <unknown>\n#9 0x563f547b1e7d <unknown>\n#10 0x563f54797c81 <unknown>\n#11 0x563f547b2a5b <unknown>\n#12 0x563f5477ea50 <unknown>\n#13 0x563f547d3aa8 <unknown>\n#14 0x563f547d3c79 <unknown>\n#15 0x563f547e54f3 <unknown>\n#16 0x7f6eb069caa4 <unknown>\n#17 0x7f6eb0729c6c <unknown>","statusTrace":"self = <tests.test_product_page.TestProductPage object at 0x7fae6a6a7ad0>\nauthorized_user = None\nproduct_page = <pages.product_page.ProductPage object at 0x7fae6a687130>\n\n    @allure.feature('Product page')\n    @allure.story('Adding product to basket')\n    @allure.title('User can add product to basket')\n    @pytest.mark.basket\n    @pytest.mark.user\n    @pytest.mark.smoke\n    def test_user_can_add_product_to_basket(\n        self, authorized_user, product_page\n    ):\n        link = (\n            'https://selenium1py.pythonanywhere.com/catalogue/'\n            'coders-at-work_207/'\n        )\n        product_page.open_product_page(link)\n        product_page.click_add_to_basket_button()\n>       product_page.assert_basket_messages()\n\ntests/test_product_page.py:116: \n_ _ _ _ _ _ _ _ _ _ _ _ _ _ _ _ _ _ _ _ _ _ _ _ _ _ _ _ _ _ _ _ _ _ _ _ _ _ _ _ \npages/product_page.py:64: in assert_basket_messages\n    self.assert_success_message()\npages/product_page.py:87: in assert_success_message\n    self.is_element_present(\npages/base_page.py:46: in is_element_present\n    self.wait.until(self.ec.presence_of_element_located((how, what)))\n_ _ _ _ _ _ _ _ _ _ _ _ _ _ _ _ _ _ _ _ _ _ _ _ _ _ _ _ _ _ _ _ _ _ _ _ _ _ _ _ \n\nself = <selenium.webdriver.support.wait.WebDriverWait (session=\"a059fa40e93357cf35c3db6b017d3e81\")>\nmethod = <function presence_of_element_located.<locals>._predicate at 0x7fae6a49b1a0>\nmessage = ''\n\n    def until(self, method: Callable[[D], Literal[False] | T], message: str = \"\") -> T:\n        \"\"\"Wait until the method returns a value that is not False.\n    \n        Calls the method provided with the driver as an argument until the\n        return value does not evaluate to ``False``.\n    \n        Args:\n            method: A callable object that takes a WebDriver instance as an\n                argument.\n            message: Optional message for TimeoutException.\n    \n        Returns:\n            The result of the last call to `method`.\n    \n        Raises:\n            TimeoutException: If 'method' does not return a truthy value within\n                the WebDriverWait object's timeout.\n    \n        Example:\n            >>> from selenium.webdriver.common.by import By\n            >>> from selenium.webdriver.support.ui import WebDriverWait\n            >>> from selenium.webdriver.support import expected_conditions as EC\n            >>>\n            >>> # Wait until an element is visible on the page\n            >>> wait = WebDriverWait(driver, 10)\n            >>> element = wait.until(EC.visibility_of_element_located((By.ID, \"exampleId\")))\n            >>> print(element.text)\n        \"\"\"\n        screen = None\n        stacktrace = None\n    \n        end_time = time.monotonic() + self._timeout\n        while True:\n            try:\n                value = method(self._driver)\n                if value:\n                    return value\n            except self._ignored_exceptions as exc:\n                screen = getattr(exc, \"screen\", None)\n                stacktrace = getattr(exc, \"stacktrace\", None)\n            if time.monotonic() > end_time:\n                break\n            time.sleep(self._poll)\n>       raise TimeoutException(message, screen, stacktrace)\nE       selenium.common.exceptions.TimeoutException: Message: \nE       Stacktrace:\nE       #0 0x563f547e619a <unknown>\nE       #1 0x563f54263c4b <unknown>\nE       #2 0x563f542b5318 <unknown>\nE       #3 0x563f542b5551 <unknown>\nE       #4 0x563f54303764 <unknown>\nE       #5 0x563f54300bee <unknown>\nE       #6 0x563f542a7c42 <unknown>\nE       #7 0x563f542a88f1 <unknown>\nE       #8 0x563f547aef39 <unknown>\nE       #9 0x563f547b1e7d <unknown>\nE       #10 0x563f54797c81 <unknown>\nE       #11 0x563f547b2a5b <unknown>\nE       #12 0x563f5477ea50 <unknown>\nE       #13 0x563f547d3aa8 <unknown>\nE       #14 0x563f547d3c79 <unknown>\nE       #15 0x563f547e54f3 <unknown>\nE       #16 0x7f6eb069caa4 <unknown>\nE       #17 0x7f6eb0729c6c <unknown>\n\n/opt/hostedtoolcache/Python/3.13.11/x64/lib/python3.13/site-packages/selenium/webdriver/support/wait.py:122: TimeoutException","flaky":false,"newFailed":false,"newBroken":false,"newPassed":false,"retriesCount":0,"retriesStatusChange":false,"beforeStages":[{"name":"_session_faker","time":{"start":1767125045086,"stop":1767125045088,"duration":2},"status":"passed","steps":[],"attachments":[],"parameters":[],"stepsCount":0,"shouldDisplayMessage":false,"attachmentsCount":0,"hasContent":false,"attachmentStep":false},{"name":"browser","time":{"start":1767125068612,"stop":1767125068864,"duration":252},"status":"passed","steps":[],"attachments":[],"parameters":[],"stepsCount":0,"shouldDisplayMessage":false,"attachmentsCount":0,"hasContent":false,"attachmentStep":false},{"name":"login_page","time":{"start":1767125068864,"stop":1767125068865,"duration":1},"status":"passed","steps":[],"attachments":[],"parameters":[],"stepsCount":0,"shouldDisplayMessage":false,"attachmentsCount":0,"hasContent":false,"attachmentStep":false},{"name":"authorized_user","time":{"start":1767125068865,"stop":1767125071182,"duration":2317},"status":"passed","steps":[{"name":"Open Login page","time":{"start":1767125068865,"stop":1767125069086,"duration":221},"status":"passed","steps":[],"attachments":[],"parameters":[],"stepsCount":0,"shouldDisplayMessage":false,"attachmentsCount":0,"hasContent":false,"attachmentStep":false},{"name":"Register new user","time":{"start":1767125069086,"stop":1767125071174,"duration":2088},"status":"passed","steps":[],"attachments":[],"parameters":[],"stepsCount":0,"shouldDisplayMessage":false,"attachmentsCount":0,"hasContent":false,"attachmentStep":false},{"name":"Assert authenticated user icon is displayed","time":{"start":1767125071175,"stop":1767125071182,"duration":7},"status":"passed","steps":[],"attachments":[],"parameters":[],"stepsCount":0,"shouldDisplayMessage":false,"attachmentsCount":0,"hasContent":false,"attachmentStep":false}],"attachments":[],"parameters":[],"stepsCount":3,"shouldDisplayMessage":false,"attachmentsCount":0,"hasContent":true,"attachmentStep":false},{"name":"product_page","time":{"start":1767125071182,"stop":1767125071182,"duration":0},"status":"passed","steps":[],"attachments":[],"parameters":[],"stepsCount":0,"shouldDisplayMessage":false,"attachmentsCount":0,"hasContent":false,"attachmentStep":false}],"testStage":{"status":"broken","statusMessage":"selenium.common.exceptions.TimeoutException: Message: \nStacktrace:\n#0 0x563f547e619a <unknown>\n#1 0x563f54263c4b <unknown>\n#2 0x563f542b5318 <unknown>\n#3 0x563f542b5551 <unknown>\n#4 0x563f54303764 <unknown>\n#5 0x563f54300bee <unknown>\n#6 0x563f542a7c42 <unknown>\n#7 0x563f542a88f1 <unknown>\n#8 0x563f547aef39 <unknown>\n#9 0x563f547b1e7d <unknown>\n#10 0x563f54797c81 <unknown>\n#11 0x563f547b2a5b <unknown>\n#12 0x563f5477ea50 <unknown>\n#13 0x563f547d3aa8 <unknown>\n#14 0x563f547d3c79 <unknown>\n#15 0x563f547e54f3 <unknown>\n#16 0x7f6eb069caa4 <unknown>\n#17 0x7f6eb0729c6c <unknown>","statusTrace":"self = <tests.test_product_page.TestProductPage object at 0x7fae6a6a7ad0>\nauthorized_user = None\nproduct_page = <pages.product_page.ProductPage object at 0x7fae6a687130>\n\n    @allure.feature('Product page')\n    @allure.story('Adding product to basket')\n    @allure.title('User can add product to basket')\n    @pytest.mark.basket\n    @pytest.mark.user\n    @pytest.mark.smoke\n    def test_user_can_add_product_to_basket(\n        self, authorized_user, product_page\n    ):\n        link = (\n            'https://selenium1py.pythonanywhere.com/catalogue/'\n            'coders-at-work_207/'\n        )\n        product_page.open_product_page(link)\n        product_page.click_add_to_basket_button()\n>       product_page.assert_basket_messages()\n\ntests/test_product_page.py:116: \n_ _ _ _ _ _ _ _ _ _ _ _ _ _ _ _ _ _ _ _ _ _ _ _ _ _ _ _ _ _ _ _ _ _ _ _ _ _ _ _ \npages/product_page.py:64: in assert_basket_messages\n    self.assert_success_message()\npages/product_page.py:87: in assert_success_message\n    self.is_element_present(\npages/base_page.py:46: in is_element_present\n    self.wait.until(self.ec.presence_of_element_located((how, what)))\n_ _ _ _ _ _ _ _ _ _ _ _ _ _ _ _ _ _ _ _ _ _ _ _ _ _ _ _ _ _ _ _ _ _ _ _ _ _ _ _ \n\nself = <selenium.webdriver.support.wait.WebDriverWait (session=\"a059fa40e93357cf35c3db6b017d3e81\")>\nmethod = <function presence_of_element_located.<locals>._predicate at 0x7fae6a49b1a0>\nmessage = ''\n\n    def until(self, method: Callable[[D], Literal[False] | T], message: str = \"\") -> T:\n        \"\"\"Wait until the method returns a value that is not False.\n    \n        Calls the method provided with the driver as an argument until the\n        return value does not evaluate to ``False``.\n    \n        Args:\n            method: A callable object that takes a WebDriver instance as an\n                argument.\n            message: Optional message for TimeoutException.\n    \n        Returns:\n            The result of the last call to `method`.\n    \n        Raises:\n            TimeoutException: If 'method' does not return a truthy value within\n                the WebDriverWait object's timeout.\n    \n        Example:\n            >>> from selenium.webdriver.common.by import By\n            >>> from selenium.webdriver.support.ui import WebDriverWait\n            >>> from selenium.webdriver.support import expected_conditions as EC\n            >>>\n            >>> # Wait until an element is visible on the page\n            >>> wait = WebDriverWait(driver, 10)\n            >>> element = wait.until(EC.visibility_of_element_located((By.ID, \"exampleId\")))\n            >>> print(element.text)\n        \"\"\"\n        screen = None\n        stacktrace = None\n    \n        end_time = time.monotonic() + self._timeout\n        while True:\n            try:\n                value = method(self._driver)\n                if value:\n                    return value\n            except self._ignored_exceptions as exc:\n                screen = getattr(exc, \"screen\", None)\n                stacktrace = getattr(exc, \"stacktrace\", None)\n            if time.monotonic() > end_time:\n                break\n            time.sleep(self._poll)\n>       raise TimeoutException(message, screen, stacktrace)\nE       selenium.common.exceptions.TimeoutException: Message: \nE       Stacktrace:\nE       #0 0x563f547e619a <unknown>\nE       #1 0x563f54263c4b <unknown>\nE       #2 0x563f542b5318 <unknown>\nE       #3 0x563f542b5551 <unknown>\nE       #4 0x563f54303764 <unknown>\nE       #5 0x563f54300bee <unknown>\nE       #6 0x563f542a7c42 <unknown>\nE       #7 0x563f542a88f1 <unknown>\nE       #8 0x563f547aef39 <unknown>\nE       #9 0x563f547b1e7d <unknown>\nE       #10 0x563f54797c81 <unknown>\nE       #11 0x563f547b2a5b <unknown>\nE       #12 0x563f5477ea50 <unknown>\nE       #13 0x563f547d3aa8 <unknown>\nE       #14 0x563f547d3c79 <unknown>\nE       #15 0x563f547e54f3 <unknown>\nE       #16 0x7f6eb069caa4 <unknown>\nE       #17 0x7f6eb0729c6c <unknown>\n\n/opt/hostedtoolcache/Python/3.13.11/x64/lib/python3.13/site-packages/selenium/webdriver/support/wait.py:122: TimeoutException","steps":[{"name":"Open Product page","time":{"start":1767125071183,"stop":1767125071546,"duration":363},"status":"passed","steps":[],"attachments":[],"parameters":[{"name":"link","value":"'https://selenium1py.pythonanywhere.com/catalogue/coders-at-work_207/'"}],"stepsCount":0,"shouldDisplayMessage":false,"attachmentsCount":0,"hasContent":true,"attachmentStep":false},{"name":"Click add to basket button","time":{"start":1767125071547,"stop":1767125072685,"duration":1138},"status":"passed","steps":[],"attachments":[],"parameters":[],"stepsCount":0,"shouldDisplayMessage":false,"attachmentsCount":0,"hasContent":false,"attachmentStep":false},{"name":"Assert alert basket message with product added to basket is displayed","time":{"start":1767125072685,"stop":1767125077793,"duration":5108},"status":"broken","statusMessage":"selenium.common.exceptions.TimeoutException: Message: \nStacktrace:\n#0 0x563f547e619a <unknown>\n#1 0x563f54263c4b <unknown>\n#2 0x563f542b5318 <unknown>\n#3 0x563f542b5551 <unknown>\n#4 0x563f54303764 <unknown>\n#5 0x563f54300bee <unknown>\n#6 0x563f542a7c42 <unknown>\n#7 0x563f542a88f1 <unknown>\n#8 0x563f547aef39 <unknown>\n#9 0x563f547b1e7d <unknown>\n#10 0x563f54797c81 <unknown>\n#11 0x563f547b2a5b <unknown>\n#12 0x563f5477ea50 <unknown>\n#13 0x563f547d3aa8 <unknown>\n#14 0x563f547d3c79 <unknown>\n#15 0x563f547e54f3 <unknown>\n#16 0x7f6eb069caa4 <unknown>\n#17 0x7f6eb0729c6c <unknown>\n\n","statusTrace":"  File \"/opt/hostedtoolcache/Python/3.13.11/x64/lib/python3.13/site-packages/allure_commons/_allure.py\", line 202, in impl\n    return func(*a, **kw)\n  File \"/home/runner/work/selenium1py.pythonanywhere_tests/selenium1py.pythonanywhere_tests/pages/product_page.py\", line 64, in assert_basket_messages\n    self.assert_success_message()\n    ~~~~~~~~~~~~~~~~~~~~~~~~~~~^^\n  File \"/home/runner/work/selenium1py.pythonanywhere_tests/selenium1py.pythonanywhere_tests/pages/product_page.py\", line 87, in assert_success_message\n    self.is_element_present(\n    ~~~~~~~~~~~~~~~~~~~~~~~^\n        *self.success_message_locator\n        ^^^^^^^^^^^^^^^^^^^^^^^^^^^^^\n    ), 'Success message is not displayed, but should be'\n    ^\n  File \"/home/runner/work/selenium1py.pythonanywhere_tests/selenium1py.pythonanywhere_tests/pages/base_page.py\", line 46, in is_element_present\n    self.wait.until(self.ec.presence_of_element_located((how, what)))\n    ~~~~~~~~~~~~~~~^^^^^^^^^^^^^^^^^^^^^^^^^^^^^^^^^^^^^^^^^^^^^^^^^^\n  File \"/opt/hostedtoolcache/Python/3.13.11/x64/lib/python3.13/site-packages/selenium/webdriver/support/wait.py\", line 122, in until\n    raise TimeoutException(message, screen, stacktrace)\n","steps":[],"attachments":[],"parameters":[],"stepsCount":0,"shouldDisplayMessage":true,"attachmentsCount":0,"hasContent":true,"attachmentStep":false}],"attachments":[],"parameters":[],"stepsCount":3,"shouldDisplayMessage":true,"attachmentsCount":0,"hasContent":true,"attachmentStep":false},"afterStages":[{"name":"browser::0","time":{"start":1767125077803,"stop":1767125077863,"duration":60},"status":"passed","steps":[],"attachments":[],"parameters":[],"stepsCount":0,"shouldDisplayMessage":false,"attachmentsCount":0,"hasContent":false,"attachmentStep":false}],"labels":[{"name":"story","value":"Adding product to basket"},{"name":"feature","value":"Product page"},{"name":"tag","value":"smoke"},{"name":"tag","value":"user"},{"name":"tag","value":"basket"},{"name":"tag","value":"regression"},{"name":"tag","value":"product_page"},{"name":"parentSuite","value":"tests"},{"name":"suite","value":"test_product_page"},{"name":"subSuite","value":"TestProductPage"},{"name":"host","value":"runnervmh13bl"},{"name":"thread","value":"2228-MainThread"},{"name":"framework","value":"pytest"},{"name":"language","value":"cpython3"},{"name":"package","value":"tests.test_product_page"},{"name":"resultFormat","value":"allure2"}],"parameters":[],"links":[],"hidden":true,"retry":true,"extra":{"categories":[],"tags":["basket","regression","smoke","product_page","user"]},"source":"dfa8b36280fd448e.json","parameterValues":[]}