{"uid":"e9ea46a9de6ae181","name":"Guest can add product to basket","fullName":"tests.test_product_page.TestProductPage#test_guest_can_add_product_to_basket","historyId":"e1d14c5ca4a3125d2d37a28ab990103b","time":{"start":1767125054207,"stop":1767125060332,"duration":6125},"status":"broken","statusMessage":"selenium.common.exceptions.TimeoutException: Message: \nStacktrace:\n#0 0x5626f5cde19a <unknown>\n#1 0x5626f575bc4b <unknown>\n#2 0x5626f57ad318 <unknown>\n#3 0x5626f57ad551 <unknown>\n#4 0x5626f57fb764 <unknown>\n#5 0x5626f57f8bee <unknown>\n#6 0x5626f579fc42 <unknown>\n#7 0x5626f57a08f1 <unknown>\n#8 0x5626f5ca6f39 <unknown>\n#9 0x5626f5ca9e7d <unknown>\n#10 0x5626f5c8fc81 <unknown>\n#11 0x5626f5caaa5b <unknown>\n#12 0x5626f5c76a50 <unknown>\n#13 0x5626f5ccbaa8 <unknown>\n#14 0x5626f5ccbc79 <unknown>\n#15 0x5626f5cdd4f3 <unknown>\n#16 0x7fc89dc9caa4 <unknown>\n#17 0x7fc89dd29c6c <unknown>","statusTrace":"self = <tests.test_product_page.TestProductPage object at 0x7fe1c24b0050>\nnum = 5\nproduct_page = <pages.product_page.ProductPage object at 0x7fe1c24cae90>\n\n    @allure.feature('Product page')\n    @allure.story('Adding product to basket')\n    @allure.title('Guest can add product to basket')\n    @pytest.mark.basket\n    @pytest.mark.guest\n    @pytest.mark.smoke\n    @pytest.mark.parametrize(\n        'num',\n        [0, 1, 2, 3, 4, 5, 6, pytest.param(7, marks=pytest.mark.xfail), 8, 9],\n    )\n    def test_guest_can_add_product_to_basket(self, num, product_page):\n        link = (\n            f'https://selenium1py.pythonanywhere.com/catalogue/'\n            f'coders-at-work_207/?promo=offer{num}'\n        )\n        product_page.open_product_page(link)\n        product_page.click_add_to_basket_button()\n        product_page.solve_quiz_and_get_code()\n>       product_page.assert_basket_messages()\n\ntests/test_product_page.py:99: \n_ _ _ _ _ _ _ _ _ _ _ _ _ _ _ _ _ _ _ _ _ _ _ _ _ _ _ _ _ _ _ _ _ _ _ _ _ _ _ _ \npages/product_page.py:64: in assert_basket_messages\n    self.assert_success_message()\npages/product_page.py:87: in assert_success_message\n    self.is_element_present(\npages/base_page.py:46: in is_element_present\n    self.wait.until(self.ec.presence_of_element_located((how, what)))\n_ _ _ _ _ _ _ _ _ _ _ _ _ _ _ _ _ _ _ _ _ _ _ _ _ _ _ _ _ _ _ _ _ _ _ _ _ _ _ _ \n\nself = <selenium.webdriver.support.wait.WebDriverWait (session=\"ab59da35eda16ad567af1679148d9ebb\")>\nmethod = <function presence_of_element_located.<locals>._predicate at 0x7fe1c522cfe0>\nmessage = ''\n\n    def until(self, method: Callable[[D], Literal[False] | T], message: str = \"\") -> T:\n        \"\"\"Wait until the method returns a value that is not False.\n    \n        Calls the method provided with the driver as an argument until the\n        return value does not evaluate to ``False``.\n    \n        Args:\n            method: A callable object that takes a WebDriver instance as an\n                argument.\n            message: Optional message for TimeoutException.\n    \n        Returns:\n            The result of the last call to `method`.\n    \n        Raises:\n            TimeoutException: If 'method' does not return a truthy value within\n                the WebDriverWait object's timeout.\n    \n        Example:\n            >>> from selenium.webdriver.common.by import By\n            >>> from selenium.webdriver.support.ui import WebDriverWait\n            >>> from selenium.webdriver.support import expected_conditions as EC\n            >>>\n            >>> # Wait until an element is visible on the page\n            >>> wait = WebDriverWait(driver, 10)\n            >>> element = wait.until(EC.visibility_of_element_located((By.ID, \"exampleId\")))\n            >>> print(element.text)\n        \"\"\"\n        screen = None\n        stacktrace = None\n    \n        end_time = time.monotonic() + self._timeout\n        while True:\n            try:\n                value = method(self._driver)\n                if value:\n                    return value\n            except self._ignored_exceptions as exc:\n                screen = getattr(exc, \"screen\", None)\n                stacktrace = getattr(exc, \"stacktrace\", None)\n            if time.monotonic() > end_time:\n                break\n            time.sleep(self._poll)\n>       raise TimeoutException(message, screen, stacktrace)\nE       selenium.common.exceptions.TimeoutException: Message: \nE       Stacktrace:\nE       #0 0x5626f5cde19a <unknown>\nE       #1 0x5626f575bc4b <unknown>\nE       #2 0x5626f57ad318 <unknown>\nE       #3 0x5626f57ad551 <unknown>\nE       #4 0x5626f57fb764 <unknown>\nE       #5 0x5626f57f8bee <unknown>\nE       #6 0x5626f579fc42 <unknown>\nE       #7 0x5626f57a08f1 <unknown>\nE       #8 0x5626f5ca6f39 <unknown>\nE       #9 0x5626f5ca9e7d <unknown>\nE       #10 0x5626f5c8fc81 <unknown>\nE       #11 0x5626f5caaa5b <unknown>\nE       #12 0x5626f5c76a50 <unknown>\nE       #13 0x5626f5ccbaa8 <unknown>\nE       #14 0x5626f5ccbc79 <unknown>\nE       #15 0x5626f5cdd4f3 <unknown>\nE       #16 0x7fc89dc9caa4 <unknown>\nE       #17 0x7fc89dd29c6c <unknown>\n\n/opt/hostedtoolcache/Python/3.13.11/x64/lib/python3.13/site-packages/selenium/webdriver/support/wait.py:122: TimeoutException","flaky":false,"newFailed":false,"newBroken":false,"newPassed":false,"retriesCount":0,"retriesStatusChange":false,"beforeStages":[{"name":"_session_faker","time":{"start":1767125045087,"stop":1767125045088,"duration":1},"status":"passed","steps":[],"attachments":[],"parameters":[],"stepsCount":0,"shouldDisplayMessage":false,"attachmentsCount":0,"hasContent":false,"attachmentStep":false},{"name":"browser","time":{"start":1767125053951,"stop":1767125054206,"duration":255},"status":"passed","steps":[],"attachments":[],"parameters":[],"stepsCount":0,"shouldDisplayMessage":false,"attachmentsCount":0,"hasContent":false,"attachmentStep":false},{"name":"product_page","time":{"start":1767125054206,"stop":1767125054206,"duration":0},"status":"passed","steps":[],"attachments":[],"parameters":[],"stepsCount":0,"shouldDisplayMessage":false,"attachmentsCount":0,"hasContent":false,"attachmentStep":false}],"testStage":{"status":"broken","statusMessage":"selenium.common.exceptions.TimeoutException: Message: \nStacktrace:\n#0 0x5626f5cde19a <unknown>\n#1 0x5626f575bc4b <unknown>\n#2 0x5626f57ad318 <unknown>\n#3 0x5626f57ad551 <unknown>\n#4 0x5626f57fb764 <unknown>\n#5 0x5626f57f8bee <unknown>\n#6 0x5626f579fc42 <unknown>\n#7 0x5626f57a08f1 <unknown>\n#8 0x5626f5ca6f39 <unknown>\n#9 0x5626f5ca9e7d <unknown>\n#10 0x5626f5c8fc81 <unknown>\n#11 0x5626f5caaa5b <unknown>\n#12 0x5626f5c76a50 <unknown>\n#13 0x5626f5ccbaa8 <unknown>\n#14 0x5626f5ccbc79 <unknown>\n#15 0x5626f5cdd4f3 <unknown>\n#16 0x7fc89dc9caa4 <unknown>\n#17 0x7fc89dd29c6c <unknown>","statusTrace":"self = <tests.test_product_page.TestProductPage object at 0x7fe1c24b0050>\nnum = 5\nproduct_page = <pages.product_page.ProductPage object at 0x7fe1c24cae90>\n\n    @allure.feature('Product page')\n    @allure.story('Adding product to basket')\n    @allure.title('Guest can add product to basket')\n    @pytest.mark.basket\n    @pytest.mark.guest\n    @pytest.mark.smoke\n    @pytest.mark.parametrize(\n        'num',\n        [0, 1, 2, 3, 4, 5, 6, pytest.param(7, marks=pytest.mark.xfail), 8, 9],\n    )\n    def test_guest_can_add_product_to_basket(self, num, product_page):\n        link = (\n            f'https://selenium1py.pythonanywhere.com/catalogue/'\n            f'coders-at-work_207/?promo=offer{num}'\n        )\n        product_page.open_product_page(link)\n        product_page.click_add_to_basket_button()\n        product_page.solve_quiz_and_get_code()\n>       product_page.assert_basket_messages()\n\ntests/test_product_page.py:99: \n_ _ _ _ _ _ _ _ _ _ _ _ _ _ _ _ _ _ _ _ _ _ _ _ _ _ _ _ _ _ _ _ _ _ _ _ _ _ _ _ \npages/product_page.py:64: in assert_basket_messages\n    self.assert_success_message()\npages/product_page.py:87: in assert_success_message\n    self.is_element_present(\npages/base_page.py:46: in is_element_present\n    self.wait.until(self.ec.presence_of_element_located((how, what)))\n_ _ _ _ _ _ _ _ _ _ _ _ _ _ _ _ _ _ _ _ _ _ _ _ _ _ _ _ _ _ _ _ _ _ _ _ _ _ _ _ \n\nself = <selenium.webdriver.support.wait.WebDriverWait (session=\"ab59da35eda16ad567af1679148d9ebb\")>\nmethod = <function presence_of_element_located.<locals>._predicate at 0x7fe1c522cfe0>\nmessage = ''\n\n    def until(self, method: Callable[[D], Literal[False] | T], message: str = \"\") -> T:\n        \"\"\"Wait until the method returns a value that is not False.\n    \n        Calls the method provided with the driver as an argument until the\n        return value does not evaluate to ``False``.\n    \n        Args:\n            method: A callable object that takes a WebDriver instance as an\n                argument.\n            message: Optional message for TimeoutException.\n    \n        Returns:\n            The result of the last call to `method`.\n    \n        Raises:\n            TimeoutException: If 'method' does not return a truthy value within\n                the WebDriverWait object's timeout.\n    \n        Example:\n            >>> from selenium.webdriver.common.by import By\n            >>> from selenium.webdriver.support.ui import WebDriverWait\n            >>> from selenium.webdriver.support import expected_conditions as EC\n            >>>\n            >>> # Wait until an element is visible on the page\n            >>> wait = WebDriverWait(driver, 10)\n            >>> element = wait.until(EC.visibility_of_element_located((By.ID, \"exampleId\")))\n            >>> print(element.text)\n        \"\"\"\n        screen = None\n        stacktrace = None\n    \n        end_time = time.monotonic() + self._timeout\n        while True:\n            try:\n                value = method(self._driver)\n                if value:\n                    return value\n            except self._ignored_exceptions as exc:\n                screen = getattr(exc, \"screen\", None)\n                stacktrace = getattr(exc, \"stacktrace\", None)\n            if time.monotonic() > end_time:\n                break\n            time.sleep(self._poll)\n>       raise TimeoutException(message, screen, stacktrace)\nE       selenium.common.exceptions.TimeoutException: Message: \nE       Stacktrace:\nE       #0 0x5626f5cde19a <unknown>\nE       #1 0x5626f575bc4b <unknown>\nE       #2 0x5626f57ad318 <unknown>\nE       #3 0x5626f57ad551 <unknown>\nE       #4 0x5626f57fb764 <unknown>\nE       #5 0x5626f57f8bee <unknown>\nE       #6 0x5626f579fc42 <unknown>\nE       #7 0x5626f57a08f1 <unknown>\nE       #8 0x5626f5ca6f39 <unknown>\nE       #9 0x5626f5ca9e7d <unknown>\nE       #10 0x5626f5c8fc81 <unknown>\nE       #11 0x5626f5caaa5b <unknown>\nE       #12 0x5626f5c76a50 <unknown>\nE       #13 0x5626f5ccbaa8 <unknown>\nE       #14 0x5626f5ccbc79 <unknown>\nE       #15 0x5626f5cdd4f3 <unknown>\nE       #16 0x7fc89dc9caa4 <unknown>\nE       #17 0x7fc89dd29c6c <unknown>\n\n/opt/hostedtoolcache/Python/3.13.11/x64/lib/python3.13/site-packages/selenium/webdriver/support/wait.py:122: TimeoutException","steps":[{"name":"Open Product page","time":{"start":1767125054208,"stop":1767125054807,"duration":599},"status":"passed","steps":[],"attachments":[],"parameters":[{"name":"link","value":"'https://selenium1py.pythonanywhere.com/catalogue/coders-at-work_207/?promo=offer5'"}],"stepsCount":0,"shouldDisplayMessage":false,"attachmentsCount":0,"hasContent":true,"attachmentStep":false},{"name":"Click add to basket button","time":{"start":1767125054807,"stop":1767125054939,"duration":132},"status":"passed","steps":[],"attachments":[],"parameters":[],"stepsCount":0,"shouldDisplayMessage":false,"attachmentsCount":0,"hasContent":false,"attachmentStep":false},{"name":"Solve quiz and get code for alert","time":{"start":1767125054939,"stop":1767125055192,"duration":253},"status":"passed","steps":[],"attachments":[],"parameters":[],"stepsCount":0,"shouldDisplayMessage":false,"attachmentsCount":0,"hasContent":false,"attachmentStep":false},{"name":"Assert alert basket message with product added to basket is displayed","time":{"start":1767125055192,"stop":1767125060331,"duration":5139},"status":"broken","statusMessage":"selenium.common.exceptions.TimeoutException: Message: \nStacktrace:\n#0 0x5626f5cde19a <unknown>\n#1 0x5626f575bc4b <unknown>\n#2 0x5626f57ad318 <unknown>\n#3 0x5626f57ad551 <unknown>\n#4 0x5626f57fb764 <unknown>\n#5 0x5626f57f8bee <unknown>\n#6 0x5626f579fc42 <unknown>\n#7 0x5626f57a08f1 <unknown>\n#8 0x5626f5ca6f39 <unknown>\n#9 0x5626f5ca9e7d <unknown>\n#10 0x5626f5c8fc81 <unknown>\n#11 0x5626f5caaa5b <unknown>\n#12 0x5626f5c76a50 <unknown>\n#13 0x5626f5ccbaa8 <unknown>\n#14 0x5626f5ccbc79 <unknown>\n#15 0x5626f5cdd4f3 <unknown>\n#16 0x7fc89dc9caa4 <unknown>\n#17 0x7fc89dd29c6c <unknown>\n\n","statusTrace":"  File \"/opt/hostedtoolcache/Python/3.13.11/x64/lib/python3.13/site-packages/allure_commons/_allure.py\", line 202, in impl\n    return func(*a, **kw)\n  File \"/home/runner/work/selenium1py.pythonanywhere_tests/selenium1py.pythonanywhere_tests/pages/product_page.py\", line 64, in assert_basket_messages\n    self.assert_success_message()\n    ~~~~~~~~~~~~~~~~~~~~~~~~~~~^^\n  File \"/home/runner/work/selenium1py.pythonanywhere_tests/selenium1py.pythonanywhere_tests/pages/product_page.py\", line 87, in assert_success_message\n    self.is_element_present(\n    ~~~~~~~~~~~~~~~~~~~~~~~^\n        *self.success_message_locator\n        ^^^^^^^^^^^^^^^^^^^^^^^^^^^^^\n    ), 'Success message is not displayed, but should be'\n    ^\n  File \"/home/runner/work/selenium1py.pythonanywhere_tests/selenium1py.pythonanywhere_tests/pages/base_page.py\", line 46, in is_element_present\n    self.wait.until(self.ec.presence_of_element_located((how, what)))\n    ~~~~~~~~~~~~~~~^^^^^^^^^^^^^^^^^^^^^^^^^^^^^^^^^^^^^^^^^^^^^^^^^^\n  File \"/opt/hostedtoolcache/Python/3.13.11/x64/lib/python3.13/site-packages/selenium/webdriver/support/wait.py\", line 122, in until\n    raise TimeoutException(message, screen, stacktrace)\n","steps":[],"attachments":[],"parameters":[],"stepsCount":0,"shouldDisplayMessage":true,"attachmentsCount":0,"hasContent":true,"attachmentStep":false}],"attachments":[],"parameters":[],"stepsCount":4,"shouldDisplayMessage":true,"attachmentsCount":0,"hasContent":true,"attachmentStep":false},"afterStages":[{"name":"browser::0","time":{"start":1767125060368,"stop":1767125060428,"duration":60},"status":"passed","steps":[],"attachments":[],"parameters":[],"stepsCount":0,"shouldDisplayMessage":false,"attachmentsCount":0,"hasContent":false,"attachmentStep":false}],"labels":[{"name":"story","value":"Adding product to basket"},{"name":"feature","value":"Product page"},{"name":"tag","value":"smoke"},{"name":"tag","value":"guest"},{"name":"tag","value":"basket"},{"name":"tag","value":"regression"},{"name":"tag","value":"product_page"},{"name":"parentSuite","value":"tests"},{"name":"suite","value":"test_product_page"},{"name":"subSuite","value":"TestProductPage"},{"name":"host","value":"runnervmh13bl"},{"name":"thread","value":"2225-MainThread"},{"name":"framework","value":"pytest"},{"name":"language","value":"cpython3"},{"name":"package","value":"tests.test_product_page"},{"name":"resultFormat","value":"allure2"}],"parameters":[{"name":"num","value":"5"}],"links":[],"hidden":true,"retry":true,"extra":{"categories":[],"tags":["basket","regression","smoke","product_page","guest"]},"source":"e9ea46a9de6ae181.json","parameterValues":["5"]}